Seed Value: 22
Tiempo de Ejecución: 56.7031 segundos
Costo del tour: 8916.7
Tour encontrado:

8 11 5 27 7 23 12 15 26 22 6 24 18 10 21 16 13 17 14 3 9 19 1 20 4 29 28 2 25 8 

--------------------------------------------------------------------------------------------------

Seed Value: 22
Tiempo de Ejecución: 56.1719 segundos
Costo del tour: 8916.7
Tour encontrado:

8 11 5 27 7 23 12 15 26 22 6 24 18 10 21 16 13 17 14 3 9 19 1 20 4 29 28 2 25 8 

--------------------------------------------------------------------------------------------------

Seed Value: 22
Tiempo de Ejecución: 55.125 segundos
Costo del tour: 8916.7
Tour encontrado:

8 11 5 27 7 23 12 15 26 22 6 24 18 10 21 16 13 17 14 3 9 19 1 20 4 29 28 2 25 8 

--------------------------------------------------------------------------------------------------

Seed Value: 22
Tiempo de Ejecución: 54.2656 segundos
Costo del tour: 8916.7
Tour encontrado:

8 11 5 27 7 23 12 15 26 22 6 24 18 10 21 16 13 17 14 3 9 19 1 20 4 29 28 2 25 8 

--------------------------------------------------------------------------------------------------

Seed Value: 22
Tiempo de Ejecución: 54.7031 segundos
Costo del tour: 8916.7
Tour encontrado:

8 11 5 27 7 23 12 15 26 22 6 24 18 10 21 16 13 17 14 3 9 19 1 20 4 29 28 2 25 8 

--------------------------------------------------------------------------------------------------

Seed Value: 22
Tiempo de Ejecución: 52.8281 segundos
Costo del tour: 8916.7
Tour encontrado:

8 11 5 27 7 23 12 15 26 22 6 24 18 10 21 16 13 17 14 3 9 19 1 20 4 29 28 2 25 8 

--------------------------------------------------------------------------------------------------

