Seed Value: 2222
Tiempo de Ejecución: 60.2188 segundos
Costo del tour: 17124.6
Tour encontrado:

97 98 88 83 74 66 61 54 45 38 31 32 37 36 33 34 27 26 25 24 28 30 29 23 22 21 20 19 18 17 16 15 14 40 41 42 43 56 44 55 60 59 68 72 67 70 73 84 87 99 100 86 85 71 69 58 57 13 12 11 10 9 8 5 4 3 6 7 2 1 173 174 195 198 197 196 186 193 192 187 185 179 194 178 180 184 188 191 190 189 182 183 181 177 175 176 168 167 169 125 126 131 130 133 132 134 135 136 141 140 142 147 146 143 145 144 137 129 127 170 128 171 172 166 165 164 163 151 150 149 148 153 152 162 161 160 159 158 157 156 155 154 139 138 124 123 121 122 115 116 117 118 119 120 108 109 110 111 107 106 112 113 114 105 104 103 102 101 95 94 93 91 92 79 80 78 64 77 76 81 65 51 50 63 49 48 35 39 47 52 46 53 62 75 82 89 90 96 97 

--------------------------------------------------------------------------------------------------

Seed Value: 2222
Tiempo de Ejecución: 60.5938 segundos
Costo del tour: 17124.6
Tour encontrado:

97 98 88 83 74 66 61 54 45 38 31 32 37 36 33 34 27 26 25 24 28 30 29 23 22 21 20 19 18 17 16 15 14 40 41 42 43 56 44 55 60 59 68 72 67 70 73 84 87 99 100 86 85 71 69 58 57 13 12 11 10 9 8 5 4 3 6 7 2 1 173 174 195 198 197 196 186 193 192 187 185 179 194 178 180 184 188 191 190 189 182 183 181 177 175 176 168 167 169 125 126 131 130 133 132 134 135 136 141 140 142 147 146 143 145 144 137 129 127 170 128 171 172 166 165 164 163 151 150 149 148 153 152 162 161 160 159 158 157 156 155 154 139 138 124 123 121 122 115 116 117 118 119 120 108 109 110 111 107 106 112 113 114 105 104 103 102 101 95 94 93 91 92 79 80 78 64 77 76 81 65 51 50 63 49 48 35 39 47 52 46 53 62 75 82 89 90 96 97 

--------------------------------------------------------------------------------------------------

Seed Value: 2222
Tiempo de Ejecución: 61.0469 segundos
Costo del tour: 17124.6
Tour encontrado:

97 98 88 83 74 66 61 54 45 38 31 32 37 36 33 34 27 26 25 24 28 30 29 23 22 21 20 19 18 17 16 15 14 40 41 42 43 56 44 55 60 59 68 72 67 70 73 84 87 99 100 86 85 71 69 58 57 13 12 11 10 9 8 5 4 3 6 7 2 1 173 174 195 198 197 196 186 193 192 187 185 179 194 178 180 184 188 191 190 189 182 183 181 177 175 176 168 167 169 125 126 131 130 133 132 134 135 136 141 140 142 147 146 143 145 144 137 129 127 170 128 171 172 166 165 164 163 151 150 149 148 153 152 162 161 160 159 158 157 156 155 154 139 138 124 123 121 122 115 116 117 118 119 120 108 109 110 111 107 106 112 113 114 105 104 103 102 101 95 94 93 91 92 79 80 78 64 77 76 81 65 51 50 63 49 48 35 39 47 52 46 53 62 75 82 89 90 96 97 

--------------------------------------------------------------------------------------------------

Seed Value: 2222
Tiempo de Ejecución: 60.6875 segundos
Costo del tour: 17124.6
Tour encontrado:

97 98 88 83 74 66 61 54 45 38 31 32 37 36 33 34 27 26 25 24 28 30 29 23 22 21 20 19 18 17 16 15 14 40 41 42 43 56 44 55 60 59 68 72 67 70 73 84 87 99 100 86 85 71 69 58 57 13 12 11 10 9 8 5 4 3 6 7 2 1 173 174 195 198 197 196 186 193 192 187 185 179 194 178 180 184 188 191 190 189 182 183 181 177 175 176 168 167 169 125 126 131 130 133 132 134 135 136 141 140 142 147 146 143 145 144 137 129 127 170 128 171 172 166 165 164 163 151 150 149 148 153 152 162 161 160 159 158 157 156 155 154 139 138 124 123 121 122 115 116 117 118 119 120 108 109 110 111 107 106 112 113 114 105 104 103 102 101 95 94 93 91 92 79 80 78 64 77 76 81 65 51 50 63 49 48 35 39 47 52 46 53 62 75 82 89 90 96 97 

--------------------------------------------------------------------------------------------------

Seed Value: 2222
Tiempo de Ejecución: 60.3438 segundos
Costo del tour: 17124.6
Tour encontrado:

97 98 88 83 74 66 61 54 45 38 31 32 37 36 33 34 27 26 25 24 28 30 29 23 22 21 20 19 18 17 16 15 14 40 41 42 43 56 44 55 60 59 68 72 67 70 73 84 87 99 100 86 85 71 69 58 57 13 12 11 10 9 8 5 4 3 6 7 2 1 173 174 195 198 197 196 186 193 192 187 185 179 194 178 180 184 188 191 190 189 182 183 181 177 175 176 168 167 169 125 126 131 130 133 132 134 135 136 141 140 142 147 146 143 145 144 137 129 127 170 128 171 172 166 165 164 163 151 150 149 148 153 152 162 161 160 159 158 157 156 155 154 139 138 124 123 121 122 115 116 117 118 119 120 108 109 110 111 107 106 112 113 114 105 104 103 102 101 95 94 93 91 92 79 80 78 64 77 76 81 65 51 50 63 49 48 35 39 47 52 46 53 62 75 82 89 90 96 97 

--------------------------------------------------------------------------------------------------

Seed Value: 2222
Tiempo de Ejecución: 60 segundos
Costo del tour: 17124.6
Tour encontrado:

97 98 88 83 74 66 61 54 45 38 31 32 37 36 33 34 27 26 25 24 28 30 29 23 22 21 20 19 18 17 16 15 14 40 41 42 43 56 44 55 60 59 68 72 67 70 73 84 87 99 100 86 85 71 69 58 57 13 12 11 10 9 8 5 4 3 6 7 2 1 173 174 195 198 197 196 186 193 192 187 185 179 194 178 180 184 188 191 190 189 182 183 181 177 175 176 168 167 169 125 126 131 130 133 132 134 135 136 141 140 142 147 146 143 145 144 137 129 127 170 128 171 172 166 165 164 163 151 150 149 148 153 152 162 161 160 159 158 157 156 155 154 139 138 124 123 121 122 115 116 117 118 119 120 108 109 110 111 107 106 112 113 114 105 104 103 102 101 95 94 93 91 92 79 80 78 64 77 76 81 65 51 50 63 49 48 35 39 47 52 46 53 62 75 82 89 90 96 97 

--------------------------------------------------------------------------------------------------

Seed Value: 2222
Tiempo de Ejecución: 60.2188 segundos
Costo del tour: 17124.6
Tour encontrado:

97 98 88 83 74 66 61 54 45 38 31 32 37 36 33 34 27 26 25 24 28 30 29 23 22 21 20 19 18 17 16 15 14 40 41 42 43 56 44 55 60 59 68 72 67 70 73 84 87 99 100 86 85 71 69 58 57 13 12 11 10 9 8 5 4 3 6 7 2 1 173 174 195 198 197 196 186 193 192 187 185 179 194 178 180 184 188 191 190 189 182 183 181 177 175 176 168 167 169 125 126 131 130 133 132 134 135 136 141 140 142 147 146 143 145 144 137 129 127 170 128 171 172 166 165 164 163 151 150 149 148 153 152 162 161 160 159 158 157 156 155 154 139 138 124 123 121 122 115 116 117 118 119 120 108 109 110 111 107 106 112 113 114 105 104 103 102 101 95 94 93 91 92 79 80 78 64 77 76 81 65 51 50 63 49 48 35 39 47 52 46 53 62 75 82 89 90 96 97 

--------------------------------------------------------------------------------------------------

Seed Value: 2222
Tiempo de Ejecución: 60.9531 segundos
Costo del tour: 17124.6
Tour encontrado:

97 98 88 83 74 66 61 54 45 38 31 32 37 36 33 34 27 26 25 24 28 30 29 23 22 21 20 19 18 17 16 15 14 40 41 42 43 56 44 55 60 59 68 72 67 70 73 84 87 99 100 86 85 71 69 58 57 13 12 11 10 9 8 5 4 3 6 7 2 1 173 174 195 198 197 196 186 193 192 187 185 179 194 178 180 184 188 191 190 189 182 183 181 177 175 176 168 167 169 125 126 131 130 133 132 134 135 136 141 140 142 147 146 143 145 144 137 129 127 170 128 171 172 166 165 164 163 151 150 149 148 153 152 162 161 160 159 158 157 156 155 154 139 138 124 123 121 122 115 116 117 118 119 120 108 109 110 111 107 106 112 113 114 105 104 103 102 101 95 94 93 91 92 79 80 78 64 77 76 81 65 51 50 63 49 48 35 39 47 52 46 53 62 75 82 89 90 96 97 

--------------------------------------------------------------------------------------------------

Seed Value: 2222
Tiempo de Ejecución: 60.8906 segundos
Costo del tour: 17124.6
Tour encontrado:

97 98 88 83 74 66 61 54 45 38 31 32 37 36 33 34 27 26 25 24 28 30 29 23 22 21 20 19 18 17 16 15 14 40 41 42 43 56 44 55 60 59 68 72 67 70 73 84 87 99 100 86 85 71 69 58 57 13 12 11 10 9 8 5 4 3 6 7 2 1 173 174 195 198 197 196 186 193 192 187 185 179 194 178 180 184 188 191 190 189 182 183 181 177 175 176 168 167 169 125 126 131 130 133 132 134 135 136 141 140 142 147 146 143 145 144 137 129 127 170 128 171 172 166 165 164 163 151 150 149 148 153 152 162 161 160 159 158 157 156 155 154 139 138 124 123 121 122 115 116 117 118 119 120 108 109 110 111 107 106 112 113 114 105 104 103 102 101 95 94 93 91 92 79 80 78 64 77 76 81 65 51 50 63 49 48 35 39 47 52 46 53 62 75 82 89 90 96 97 

--------------------------------------------------------------------------------------------------

Seed Value: 2222
Tiempo de Ejecución: 300.953 segundos
Costo del tour: 17087.9
Tour encontrado:

97 98 88 83 74 66 61 54 45 38 31 32 37 36 33 34 28 30 29 23 22 27 26 25 24 21 20 19 18 17 16 15 14 40 41 42 43 44 56 55 60 59 68 67 70 73 72 84 87 99 100 86 85 71 69 58 57 13 12 11 10 9 8 5 4 3 6 7 2 1 173 174 195 198 197 196 186 193 192 187 185 179 194 178 180 184 188 191 190 189 182 183 181 177 175 176 168 167 169 125 126 131 130 133 136 135 132 134 140 141 143 142 147 146 145 144 137 129 127 170 128 171 172 166 165 164 163 151 150 149 148 153 152 162 161 160 159 158 157 156 155 154 139 138 124 123 121 122 115 116 117 118 119 120 108 109 110 111 107 106 112 113 114 105 104 103 102 101 95 94 93 91 92 79 80 78 64 77 76 81 65 51 50 63 49 48 35 39 47 52 46 53 62 75 82 89 90 96 97 

--------------------------------------------------------------------------------------------------

Seed Value: 2222
Tiempo de Ejecución: 301.516 segundos
Costo del tour: 17114.8
Tour encontrado:

97 98 88 83 74 66 61 54 45 38 31 32 37 36 34 33 30 29 28 23 22 27 26 25 24 21 20 19 18 17 16 15 14 40 41 42 43 56 44 55 60 59 68 72 67 70 73 84 87 99 100 86 85 71 69 58 57 13 12 11 10 9 8 5 4 3 6 7 2 1 173 174 195 198 197 196 186 193 192 187 185 179 194 178 180 184 188 191 190 189 182 183 181 177 175 176 168 167 169 125 126 131 130 133 132 134 135 136 141 143 140 142 147 146 145 144 137 129 127 170 128 171 172 166 165 164 163 151 150 149 148 153 152 162 161 160 159 158 157 156 155 154 139 138 124 123 121 122 115 116 117 118 119 120 108 109 110 111 107 106 112 113 114 105 104 103 102 101 94 95 93 91 92 79 80 78 64 77 76 81 65 51 50 63 49 48 35 39 47 52 46 53 62 75 82 89 96 90 97 

--------------------------------------------------------------------------------------------------

Seed Value: 2222
Tiempo de Ejecución: 301.422 segundos
Costo del tour: 17124.6
Tour encontrado:

97 98 88 83 74 66 61 54 45 38 31 32 37 36 33 34 27 26 25 24 28 30 29 23 22 21 20 19 18 17 16 15 14 40 41 42 43 56 44 55 60 59 68 72 67 70 73 84 87 99 100 86 85 71 69 58 57 13 12 11 10 9 8 5 4 3 6 7 2 1 173 174 195 198 197 196 186 193 192 187 185 179 194 178 180 184 188 191 190 189 182 183 181 177 175 176 168 167 169 125 126 131 130 133 132 134 135 136 141 140 142 147 146 143 145 144 137 129 127 170 128 171 172 166 165 164 163 151 150 149 148 153 152 162 161 160 159 158 157 156 155 154 139 138 124 123 121 122 115 116 117 118 119 120 108 109 110 111 107 106 112 113 114 105 104 103 102 101 95 94 93 91 92 79 80 78 64 77 76 81 65 51 50 63 49 48 35 39 47 52 46 53 62 75 82 89 90 96 97 

--------------------------------------------------------------------------------------------------

Seed Value: 2222
Tiempo de Ejecución: 300 segundos
Costo del tour: 17124.6
Tour encontrado:

97 98 88 83 74 66 61 54 45 38 31 32 37 36 33 34 27 26 25 24 28 30 29 23 22 21 20 19 18 17 16 15 14 40 41 42 43 56 44 55 60 59 68 72 67 70 73 84 87 99 100 86 85 71 69 58 57 13 12 11 10 9 8 5 4 3 6 7 2 1 173 174 195 198 197 196 186 193 192 187 185 179 194 178 180 184 188 191 190 189 182 183 181 177 175 176 168 167 169 125 126 131 130 133 132 134 135 136 141 140 142 147 146 143 145 144 137 129 127 170 128 171 172 166 165 164 163 151 150 149 148 153 152 162 161 160 159 158 157 156 155 154 139 138 124 123 121 122 115 116 117 118 119 120 108 109 110 111 107 106 112 113 114 105 104 103 102 101 95 94 93 91 92 79 80 78 64 77 76 81 65 51 50 63 49 48 35 39 47 52 46 53 62 75 82 89 90 96 97 

--------------------------------------------------------------------------------------------------

Seed Value: 2222
Tiempo de Ejecución: 300.766 segundos
Costo del tour: 17124.6
Tour encontrado:

97 98 88 83 74 66 61 54 45 38 31 32 37 36 33 34 27 26 25 24 28 30 29 23 22 21 20 19 18 17 16 15 14 40 41 42 43 56 44 55 60 59 68 72 67 70 73 84 87 99 100 86 85 71 69 58 57 13 12 11 10 9 8 5 4 3 6 7 2 1 173 174 195 198 197 196 186 193 192 187 185 179 194 178 180 184 188 191 190 189 182 183 181 177 175 176 168 167 169 125 126 131 130 133 132 134 135 136 141 140 142 147 146 143 145 144 137 129 127 170 128 171 172 166 165 164 163 151 150 149 148 153 152 162 161 160 159 158 157 156 155 154 139 138 124 123 121 122 115 116 117 118 119 120 108 109 110 111 107 106 112 113 114 105 104 103 102 101 95 94 93 91 92 79 80 78 64 77 76 81 65 51 50 63 49 48 35 39 47 52 46 53 62 75 82 89 90 96 97 

--------------------------------------------------------------------------------------------------

Seed Value: 2222
Tiempo de Ejecución: 301.109 segundos
Costo del tour: 17124.6
Tour encontrado:

97 98 88 83 74 66 61 54 45 38 31 32 37 36 33 34 27 26 25 24 28 30 29 23 22 21 20 19 18 17 16 15 14 40 41 42 43 56 44 55 60 59 68 72 67 70 73 84 87 99 100 86 85 71 69 58 57 13 12 11 10 9 8 5 4 3 6 7 2 1 173 174 195 198 197 196 186 193 192 187 185 179 194 178 180 184 188 191 190 189 182 183 181 177 175 176 168 167 169 125 126 131 130 133 132 134 135 136 141 140 142 147 146 143 145 144 137 129 127 170 128 171 172 166 165 164 163 151 150 149 148 153 152 162 161 160 159 158 157 156 155 154 139 138 124 123 121 122 115 116 117 118 119 120 108 109 110 111 107 106 112 113 114 105 104 103 102 101 95 94 93 91 92 79 80 78 64 77 76 81 65 51 50 63 49 48 35 39 47 52 46 53 62 75 82 89 90 96 97 

--------------------------------------------------------------------------------------------------

Seed Value: 2222
Tiempo de Ejecución: 301.891 segundos
Costo del tour: 17124.6
Tour encontrado:

97 98 88 83 74 66 61 54 45 38 31 32 37 36 33 34 27 26 25 24 28 30 29 23 22 21 20 19 18 17 16 15 14 40 41 42 43 56 44 55 60 59 68 72 67 70 73 84 87 99 100 86 85 71 69 58 57 13 12 11 10 9 8 5 4 3 6 7 2 1 173 174 195 198 197 196 186 193 192 187 185 179 194 178 180 184 188 191 190 189 182 183 181 177 175 176 168 167 169 125 126 131 130 133 132 134 135 136 141 140 142 147 146 143 145 144 137 129 127 170 128 171 172 166 165 164 163 151 150 149 148 153 152 162 161 160 159 158 157 156 155 154 139 138 124 123 121 122 115 116 117 118 119 120 108 109 110 111 107 106 112 113 114 105 104 103 102 101 95 94 93 91 92 79 80 78 64 77 76 81 65 51 50 63 49 48 35 39 47 52 46 53 62 75 82 89 90 96 97 

--------------------------------------------------------------------------------------------------

Seed Value: 2222
Tiempo de Ejecución: 300.891 segundos
Costo del tour: 17124.6
Tour encontrado:

97 98 88 83 74 66 61 54 45 38 31 32 37 36 33 34 27 26 25 24 28 30 29 23 22 21 20 19 18 17 16 15 14 40 41 42 43 56 44 55 60 59 68 72 67 70 73 84 87 99 100 86 85 71 69 58 57 13 12 11 10 9 8 5 4 3 6 7 2 1 173 174 195 198 197 196 186 193 192 187 185 179 194 178 180 184 188 191 190 189 182 183 181 177 175 176 168 167 169 125 126 131 130 133 132 134 135 136 141 140 142 147 146 143 145 144 137 129 127 170 128 171 172 166 165 164 163 151 150 149 148 153 152 162 161 160 159 158 157 156 155 154 139 138 124 123 121 122 115 116 117 118 119 120 108 109 110 111 107 106 112 113 114 105 104 103 102 101 95 94 93 91 92 79 80 78 64 77 76 81 65 51 50 63 49 48 35 39 47 52 46 53 62 75 82 89 90 96 97 

--------------------------------------------------------------------------------------------------

Seed Value: 2222
Tiempo de Ejecución: 301.672 segundos
Costo del tour: 17124.6
Tour encontrado:

97 98 88 83 74 66 61 54 45 38 31 32 37 36 33 34 27 26 25 24 28 30 29 23 22 21 20 19 18 17 16 15 14 40 41 42 43 56 44 55 60 59 68 72 67 70 73 84 87 99 100 86 85 71 69 58 57 13 12 11 10 9 8 5 4 3 6 7 2 1 173 174 195 198 197 196 186 193 192 187 185 179 194 178 180 184 188 191 190 189 182 183 181 177 175 176 168 167 169 125 126 131 130 133 132 134 135 136 141 140 142 147 146 143 145 144 137 129 127 170 128 171 172 166 165 164 163 151 150 149 148 153 152 162 161 160 159 158 157 156 155 154 139 138 124 123 121 122 115 116 117 118 119 120 108 109 110 111 107 106 112 113 114 105 104 103 102 101 95 94 93 91 92 79 80 78 64 77 76 81 65 51 50 63 49 48 35 39 47 52 46 53 62 75 82 89 90 96 97 

--------------------------------------------------------------------------------------------------

Seed Value: 2222
Tiempo de Ejecución: 301.516 segundos
Costo del tour: 17124.6
Tour encontrado:

97 98 88 83 74 66 61 54 45 38 31 32 37 36 33 34 27 26 25 24 28 30 29 23 22 21 20 19 18 17 16 15 14 40 41 42 43 56 44 55 60 59 68 72 67 70 73 84 87 99 100 86 85 71 69 58 57 13 12 11 10 9 8 5 4 3 6 7 2 1 173 174 195 198 197 196 186 193 192 187 185 179 194 178 180 184 188 191 190 189 182 183 181 177 175 176 168 167 169 125 126 131 130 133 132 134 135 136 141 140 142 147 146 143 145 144 137 129 127 170 128 171 172 166 165 164 163 151 150 149 148 153 152 162 161 160 159 158 157 156 155 154 139 138 124 123 121 122 115 116 117 118 119 120 108 109 110 111 107 106 112 113 114 105 104 103 102 101 95 94 93 91 92 79 80 78 64 77 76 81 65 51 50 63 49 48 35 39 47 52 46 53 62 75 82 89 90 96 97 

--------------------------------------------------------------------------------------------------

Seed Value: 2222
Tiempo de Ejecución: 301.234 segundos
Costo del tour: 17124.6
Tour encontrado:

97 98 88 83 74 66 61 54 45 38 31 32 37 36 33 34 27 26 25 24 28 30 29 23 22 21 20 19 18 17 16 15 14 40 41 42 43 56 44 55 60 59 68 72 67 70 73 84 87 99 100 86 85 71 69 58 57 13 12 11 10 9 8 5 4 3 6 7 2 1 173 174 195 198 197 196 186 193 192 187 185 179 194 178 180 184 188 191 190 189 182 183 181 177 175 176 168 167 169 125 126 131 130 133 132 134 135 136 141 140 142 147 146 143 145 144 137 129 127 170 128 171 172 166 165 164 163 151 150 149 148 153 152 162 161 160 159 158 157 156 155 154 139 138 124 123 121 122 115 116 117 118 119 120 108 109 110 111 107 106 112 113 114 105 104 103 102 101 95 94 93 91 92 79 80 78 64 77 76 81 65 51 50 63 49 48 35 39 47 52 46 53 62 75 82 89 90 96 97 

--------------------------------------------------------------------------------------------------

Seed Value: 2222
Tiempo de Ejecución: 300.297 segundos
Costo del tour: 17124.6
Tour encontrado:

97 98 88 83 74 66 61 54 45 38 31 32 37 36 33 34 27 26 25 24 28 30 29 23 22 21 20 19 18 17 16 15 14 40 41 42 43 56 44 55 60 59 68 72 67 70 73 84 87 99 100 86 85 71 69 58 57 13 12 11 10 9 8 5 4 3 6 7 2 1 173 174 195 198 197 196 186 193 192 187 185 179 194 178 180 184 188 191 190 189 182 183 181 177 175 176 168 167 169 125 126 131 130 133 132 134 135 136 141 140 142 147 146 143 145 144 137 129 127 170 128 171 172 166 165 164 163 151 150 149 148 153 152 162 161 160 159 158 157 156 155 154 139 138 124 123 121 122 115 116 117 118 119 120 108 109 110 111 107 106 112 113 114 105 104 103 102 101 95 94 93 91 92 79 80 78 64 77 76 81 65 51 50 63 49 48 35 39 47 52 46 53 62 75 82 89 90 96 97 

--------------------------------------------------------------------------------------------------

Seed Value: 2222
Tiempo de Ejecución: 300.297 segundos
Costo del tour: 17124.6
Tour encontrado:

97 98 88 83 74 66 61 54 45 38 31 32 37 36 33 34 27 26 25 24 28 30 29 23 22 21 20 19 18 17 16 15 14 40 41 42 43 56 44 55 60 59 68 72 67 70 73 84 87 99 100 86 85 71 69 58 57 13 12 11 10 9 8 5 4 3 6 7 2 1 173 174 195 198 197 196 186 193 192 187 185 179 194 178 180 184 188 191 190 189 182 183 181 177 175 176 168 167 169 125 126 131 130 133 132 134 135 136 141 140 142 147 146 143 145 144 137 129 127 170 128 171 172 166 165 164 163 151 150 149 148 153 152 162 161 160 159 158 157 156 155 154 139 138 124 123 121 122 115 116 117 118 119 120 108 109 110 111 107 106 112 113 114 105 104 103 102 101 95 94 93 91 92 79 80 78 64 77 76 81 65 51 50 63 49 48 35 39 47 52 46 53 62 75 82 89 90 96 97 

--------------------------------------------------------------------------------------------------

Seed Value: 2222
Tiempo de Ejecución: 300.656 segundos
Costo del tour: 17124.6
Tour encontrado:

97 98 88 83 74 66 61 54 45 38 31 32 37 36 33 34 27 26 25 24 28 30 29 23 22 21 20 19 18 17 16 15 14 40 41 42 43 56 44 55 60 59 68 72 67 70 73 84 87 99 100 86 85 71 69 58 57 13 12 11 10 9 8 5 4 3 6 7 2 1 173 174 195 198 197 196 186 193 192 187 185 179 194 178 180 184 188 191 190 189 182 183 181 177 175 176 168 167 169 125 126 131 130 133 132 134 135 136 141 140 142 147 146 143 145 144 137 129 127 170 128 171 172 166 165 164 163 151 150 149 148 153 152 162 161 160 159 158 157 156 155 154 139 138 124 123 121 122 115 116 117 118 119 120 108 109 110 111 107 106 112 113 114 105 104 103 102 101 95 94 93 91 92 79 80 78 64 77 76 81 65 51 50 63 49 48 35 39 47 52 46 53 62 75 82 89 90 96 97 

--------------------------------------------------------------------------------------------------

Seed Value: 2222
Tiempo de Ejecución: 301.578 segundos
Costo del tour: 17124.6
Tour encontrado:

97 98 88 83 74 66 61 54 45 38 31 32 37 36 33 34 27 26 25 24 28 30 29 23 22 21 20 19 18 17 16 15 14 40 41 42 43 56 44 55 60 59 68 72 67 70 73 84 87 99 100 86 85 71 69 58 57 13 12 11 10 9 8 5 4 3 6 7 2 1 173 174 195 198 197 196 186 193 192 187 185 179 194 178 180 184 188 191 190 189 182 183 181 177 175 176 168 167 169 125 126 131 130 133 132 134 135 136 141 140 142 147 146 143 145 144 137 129 127 170 128 171 172 166 165 164 163 151 150 149 148 153 152 162 161 160 159 158 157 156 155 154 139 138 124 123 121 122 115 116 117 118 119 120 108 109 110 111 107 106 112 113 114 105 104 103 102 101 95 94 93 91 92 79 80 78 64 77 76 81 65 51 50 63 49 48 35 39 47 52 46 53 62 75 82 89 90 96 97 

--------------------------------------------------------------------------------------------------

Seed Value: 2222
Tiempo de Ejecución: 301.828 segundos
Costo del tour: 17124.6
Tour encontrado:

97 98 88 83 74 66 61 54 45 38 31 32 37 36 33 34 27 26 25 24 28 30 29 23 22 21 20 19 18 17 16 15 14 40 41 42 43 56 44 55 60 59 68 72 67 70 73 84 87 99 100 86 85 71 69 58 57 13 12 11 10 9 8 5 4 3 6 7 2 1 173 174 195 198 197 196 186 193 192 187 185 179 194 178 180 184 188 191 190 189 182 183 181 177 175 176 168 167 169 125 126 131 130 133 132 134 135 136 141 140 142 147 146 143 145 144 137 129 127 170 128 171 172 166 165 164 163 151 150 149 148 153 152 162 161 160 159 158 157 156 155 154 139 138 124 123 121 122 115 116 117 118 119 120 108 109 110 111 107 106 112 113 114 105 104 103 102 101 95 94 93 91 92 79 80 78 64 77 76 81 65 51 50 63 49 48 35 39 47 52 46 53 62 75 82 89 90 96 97 

--------------------------------------------------------------------------------------------------

Seed Value: 2222
Tiempo de Ejecución: 300.812 segundos
Costo del tour: 17124.6
Tour encontrado:

97 98 88 83 74 66 61 54 45 38 31 32 37 36 33 34 27 26 25 24 28 30 29 23 22 21 20 19 18 17 16 15 14 40 41 42 43 56 44 55 60 59 68 72 67 70 73 84 87 99 100 86 85 71 69 58 57 13 12 11 10 9 8 5 4 3 6 7 2 1 173 174 195 198 197 196 186 193 192 187 185 179 194 178 180 184 188 191 190 189 182 183 181 177 175 176 168 167 169 125 126 131 130 133 132 134 135 136 141 140 142 147 146 143 145 144 137 129 127 170 128 171 172 166 165 164 163 151 150 149 148 153 152 162 161 160 159 158 157 156 155 154 139 138 124 123 121 122 115 116 117 118 119 120 108 109 110 111 107 106 112 113 114 105 104 103 102 101 95 94 93 91 92 79 80 78 64 77 76 81 65 51 50 63 49 48 35 39 47 52 46 53 62 75 82 89 90 96 97 

--------------------------------------------------------------------------------------------------

Seed Value: 2222
Tiempo de Ejecución: 300.422 segundos
Costo del tour: 17124.6
Tour encontrado:

97 98 88 83 74 66 61 54 45 38 31 32 37 36 33 34 27 26 25 24 28 30 29 23 22 21 20 19 18 17 16 15 14 40 41 42 43 56 44 55 60 59 68 72 67 70 73 84 87 99 100 86 85 71 69 58 57 13 12 11 10 9 8 5 4 3 6 7 2 1 173 174 195 198 197 196 186 193 192 187 185 179 194 178 180 184 188 191 190 189 182 183 181 177 175 176 168 167 169 125 126 131 130 133 132 134 135 136 141 140 142 147 146 143 145 144 137 129 127 170 128 171 172 166 165 164 163 151 150 149 148 153 152 162 161 160 159 158 157 156 155 154 139 138 124 123 121 122 115 116 117 118 119 120 108 109 110 111 107 106 112 113 114 105 104 103 102 101 95 94 93 91 92 79 80 78 64 77 76 81 65 51 50 63 49 48 35 39 47 52 46 53 62 75 82 89 90 96 97 

--------------------------------------------------------------------------------------------------

Seed Value: 2222
Tiempo de Ejecución: 301.266 segundos
Costo del tour: 17124.6
Tour encontrado:

97 98 88 83 74 66 61 54 45 38 31 32 37 36 33 34 27 26 25 24 28 30 29 23 22 21 20 19 18 17 16 15 14 40 41 42 43 56 44 55 60 59 68 72 67 70 73 84 87 99 100 86 85 71 69 58 57 13 12 11 10 9 8 5 4 3 6 7 2 1 173 174 195 198 197 196 186 193 192 187 185 179 194 178 180 184 188 191 190 189 182 183 181 177 175 176 168 167 169 125 126 131 130 133 132 134 135 136 141 140 142 147 146 143 145 144 137 129 127 170 128 171 172 166 165 164 163 151 150 149 148 153 152 162 161 160 159 158 157 156 155 154 139 138 124 123 121 122 115 116 117 118 119 120 108 109 110 111 107 106 112 113 114 105 104 103 102 101 95 94 93 91 92 79 80 78 64 77 76 81 65 51 50 63 49 48 35 39 47 52 46 53 62 75 82 89 90 96 97 

--------------------------------------------------------------------------------------------------

Seed Value: 2222
Tiempo de Ejecución: 300 segundos
Costo del tour: 17124.6
Tour encontrado:

97 98 88 83 74 66 61 54 45 38 31 32 37 36 33 34 27 26 25 24 28 30 29 23 22 21 20 19 18 17 16 15 14 40 41 42 43 56 44 55 60 59 68 72 67 70 73 84 87 99 100 86 85 71 69 58 57 13 12 11 10 9 8 5 4 3 6 7 2 1 173 174 195 198 197 196 186 193 192 187 185 179 194 178 180 184 188 191 190 189 182 183 181 177 175 176 168 167 169 125 126 131 130 133 132 134 135 136 141 140 142 147 146 143 145 144 137 129 127 170 128 171 172 166 165 164 163 151 150 149 148 153 152 162 161 160 159 158 157 156 155 154 139 138 124 123 121 122 115 116 117 118 119 120 108 109 110 111 107 106 112 113 114 105 104 103 102 101 95 94 93 91 92 79 80 78 64 77 76 81 65 51 50 63 49 48 35 39 47 52 46 53 62 75 82 89 90 96 97 

--------------------------------------------------------------------------------------------------

Seed Value: 22
Tiempo de Ejecución: 601.516 segundos
Costo del tour: 15951.9
Tour encontrado:

121 122 115 104 103 102 93 101 94 95 96 90 89 97 98 88 83 82 75 62 53 46 52 47 39 36 37 32 31 38 45 54 61 66 74 70 67 68 72 73 84 87 99 100 86 85 71 69 58 57 42 43 56 59 60 55 44 14 15 40 41 13 12 11 10 9 8 5 4 3 6 7 2 1 16 17 18 19 20 21 24 25 26 27 22 23 28 29 30 33 34 35 48 50 51 65 81 76 77 78 64 49 63 79 80 91 92 105 114 113 112 106 107 111 110 109 108 167 168 182 183 181 177 176 173 174 175 178 180 184 185 179 194 195 198 197 196 186 193 192 187 191 188 189 190 171 128 170 127 129 136 135 141 143 142 147 148 149 146 145 144 137 172 166 165 164 163 151 150 152 162 161 153 160 159 158 157 156 155 154 139 138 140 134 132 133 130 131 126 125 169 124 123 120 119 118 117 116 121 

--------------------------------------------------------------------------------------------------

Seed Value: 22
Tiempo de Ejecución: 601.844 segundos
Costo del tour: 15903.1
Tour encontrado:

121 116 117 118 119 120 123 124 169 125 126 131 132 134 140 138 139 154 155 156 157 158 159 160 161 162 152 153 148 149 146 147 142 143 141 135 136 133 130 129 127 170 128 137 144 145 150 151 163 164 165 166 172 171 190 189 188 191 192 193 186 187 196 197 198 195 194 179 185 184 180 178 175 174 173 176 177 181 183 182 168 167 108 109 110 111 107 106 112 113 114 105 92 91 80 79 63 49 64 78 77 76 81 65 51 50 48 35 25 26 27 28 30 29 23 22 24 21 20 19 18 17 16 1 2 7 6 3 4 5 8 9 10 11 12 13 41 40 15 14 44 55 60 59 56 43 42 57 58 69 71 85 86 100 99 87 84 73 72 68 67 70 74 66 61 54 45 38 31 32 37 36 33 34 39 47 52 46 53 62 75 82 83 88 98 97 89 90 96 95 94 93 101 102 103 104 115 122 121 

--------------------------------------------------------------------------------------------------

Seed Value: 22
Tiempo de Ejecución: 600.844 segundos
Costo del tour: 15903.1
Tour encontrado:

121 116 117 118 119 120 123 124 169 125 126 131 132 134 140 138 139 154 155 156 157 158 159 160 161 162 152 153 148 149 146 147 142 143 141 136 135 133 130 129 127 170 128 137 144 145 150 151 163 164 165 166 172 171 190 189 188 191 192 193 186 187 196 197 198 195 194 179 185 184 180 178 175 174 173 176 177 181 183 182 168 167 108 109 110 111 107 106 112 113 114 105 92 91 80 79 63 49 64 78 77 76 81 65 51 50 48 35 25 26 27 28 30 29 23 22 24 21 20 19 18 17 16 1 2 7 6 3 4 5 8 9 10 11 12 13 41 40 15 14 44 55 56 43 42 57 58 69 71 85 86 100 99 87 84 73 72 68 59 60 67 70 74 66 61 54 45 38 31 32 37 36 33 34 39 47 52 46 53 62 75 82 83 88 98 97 89 90 96 95 94 93 101 102 103 104 115 122 121 

--------------------------------------------------------------------------------------------------

Seed Value: 22
Tiempo de Ejecución: 600.844 segundos
Costo del tour: 15909.2
Tour encontrado:

121 122 115 104 103 102 101 93 94 95 96 90 89 97 98 88 83 70 67 68 72 73 84 87 99 100 86 85 71 69 58 57 42 43 56 59 60 55 44 14 15 40 41 13 12 11 10 9 8 5 4 3 6 7 2 1 16 17 18 19 20 21 24 25 26 27 28 22 23 29 30 34 33 36 37 32 31 38 45 54 61 66 74 82 75 62 53 46 52 47 39 35 48 50 51 65 81 76 77 78 64 49 63 79 80 91 92 105 114 113 112 106 107 111 110 109 108 167 168 182 183 181 177 176 173 174 175 178 180 184 185 179 194 195 198 197 196 187 186 193 192 191 188 189 190 171 172 166 165 164 163 151 150 145 144 137 128 170 127 129 130 133 136 135 141 140 142 143 146 147 148 149 152 162 161 153 160 159 158 157 156 155 154 139 138 134 132 131 126 125 169 124 123 120 119 118 117 116 121 

--------------------------------------------------------------------------------------------------

Seed Value: 22
Tiempo de Ejecución: 601.312 segundos
Costo del tour: 15909.2
Tour encontrado:

121 116 117 118 119 120 123 124 169 125 126 131 132 134 138 139 154 155 156 157 158 159 160 153 161 162 152 149 148 147 146 143 142 140 141 136 135 133 130 129 127 170 128 137 144 145 150 151 163 164 165 166 172 171 190 189 188 191 192 193 186 187 196 197 198 195 194 179 185 184 180 178 175 174 173 176 177 181 183 182 168 167 108 109 110 111 107 106 112 113 114 105 92 91 80 79 63 49 64 78 77 76 81 65 51 50 48 35 39 47 52 46 53 62 75 82 74 66 61 54 45 38 31 32 37 36 34 33 30 29 23 22 28 27 26 25 24 21 20 19 18 17 16 1 2 7 6 3 4 5 8 9 10 11 12 13 41 40 15 14 44 55 60 59 56 43 42 57 58 69 71 85 86 100 99 87 84 73 72 68 67 70 83 88 98 97 89 90 96 95 94 93 101 102 103 104 115 122 121 

--------------------------------------------------------------------------------------------------

Seed Value: 22
Tiempo de Ejecución: 601.219 segundos
Costo del tour: 15906
Tour encontrado:

121 122 115 104 103 102 101 93 94 95 96 90 89 97 98 88 83 70 67 60 55 44 56 59 68 72 73 84 87 99 100 86 85 71 69 58 57 42 43 14 15 40 41 13 12 11 10 9 8 5 4 3 6 7 2 1 16 17 18 19 20 21 24 25 26 27 28 22 23 29 30 33 34 36 37 32 31 38 45 54 61 66 74 82 75 62 53 46 52 47 39 35 48 50 51 65 81 76 77 78 64 49 63 79 80 91 92 105 114 113 112 106 107 111 110 109 108 167 168 182 183 181 177 176 173 174 175 178 180 184 185 179 194 195 198 197 196 186 193 192 187 191 188 189 190 171 172 166 165 164 163 151 150 145 144 137 128 170 127 129 130 133 135 136 141 143 142 147 146 149 148 153 152 162 161 160 159 158 157 156 155 154 139 138 140 134 132 131 126 169 125 124 123 120 119 118 117 116 121 

--------------------------------------------------------------------------------------------------

Seed Value: 22
Tiempo de Ejecución: 601.141 segundos
Costo del tour: 15909.2
Tour encontrado:

121 122 115 104 103 102 101 93 94 95 96 90 89 97 98 88 83 70 67 68 72 73 84 87 99 100 86 85 71 69 58 57 42 43 56 59 60 55 44 14 15 40 41 13 12 11 10 9 8 5 4 3 6 7 2 1 16 17 18 19 20 21 24 25 26 27 28 22 23 29 30 34 33 36 37 32 31 38 45 54 61 66 74 82 75 62 53 46 52 47 39 35 48 50 51 65 81 76 77 78 64 49 63 79 80 91 92 105 114 113 112 106 107 111 110 109 108 167 168 182 183 181 177 176 173 174 175 178 180 184 185 179 194 195 198 197 196 187 186 193 192 191 188 189 190 171 172 166 165 164 163 151 150 145 144 137 128 170 127 129 130 133 136 135 141 140 142 143 146 147 148 149 152 162 161 153 160 159 158 157 156 155 154 139 138 134 132 131 126 125 169 124 123 120 119 118 117 116 121 

--------------------------------------------------------------------------------------------------

Seed Value: 22
Tiempo de Ejecución: 601.641 segundos
Costo del tour: 15895.1
Tour encontrado:

121 122 115 104 103 102 101 93 94 95 96 90 89 97 98 88 83 70 67 68 72 73 84 87 99 100 86 85 71 69 58 57 42 43 56 59 60 55 44 14 15 40 41 13 12 11 10 9 8 5 4 3 6 7 2 1 16 17 18 19 20 21 24 25 26 27 28 22 23 29 30 33 34 36 37 32 31 38 45 54 61 66 74 82 75 62 53 46 52 47 39 35 51 65 81 76 77 78 64 50 48 49 63 79 80 91 92 105 114 113 112 106 107 111 110 109 108 167 168 182 183 181 177 176 173 174 175 178 180 184 185 179 194 195 198 197 196 186 193 192 187 191 188 189 190 171 172 166 165 164 163 151 150 145 144 137 128 170 127 129 136 141 135 133 132 131 130 126 169 125 124 138 134 140 142 143 146 147 148 149 152 153 162 161 160 159 158 157 156 155 154 139 123 120 119 118 117 116 121 

--------------------------------------------------------------------------------------------------

Seed Value: 22
Tiempo de Ejecución: 601.609 segundos
Costo del tour: 15909.2
Tour encontrado:

121 116 117 118 119 120 123 124 169 125 126 131 132 134 138 139 154 155 156 157 158 159 160 153 161 162 152 149 148 147 146 143 142 140 141 135 136 133 130 129 127 170 128 137 144 145 150 151 163 164 165 166 172 171 190 189 188 191 192 193 186 187 196 197 198 195 194 179 185 184 180 178 175 174 173 176 177 181 183 182 168 167 108 109 110 111 107 106 112 113 114 105 92 91 80 79 63 49 64 78 77 76 81 65 51 50 48 35 39 47 52 46 53 62 75 82 74 66 61 54 45 38 31 32 37 36 33 34 30 29 23 22 28 27 26 25 24 21 20 19 18 17 16 1 2 7 6 3 4 5 8 9 10 11 12 13 41 40 15 14 44 55 60 59 56 43 42 57 58 69 71 85 86 100 99 87 84 73 72 68 67 70 83 88 98 97 89 90 96 95 94 93 101 102 103 104 115 122 121 

--------------------------------------------------------------------------------------------------

Seed Value: 22
Tiempo de Ejecución: 600.688 segundos
Costo del tour: 15909.2
Tour encontrado:

121 116 117 118 119 120 123 124 169 125 126 131 132 134 138 139 154 155 156 157 158 159 160 153 161 162 152 149 148 147 146 143 142 140 141 135 136 133 130 129 127 170 128 137 144 145 150 151 163 164 165 166 172 171 190 189 188 191 192 193 186 187 196 197 198 195 194 179 185 184 180 178 175 174 173 176 177 181 183 182 168 167 108 109 110 111 107 106 112 113 114 105 92 91 80 79 63 49 64 78 77 76 81 65 51 50 48 35 39 47 52 46 53 62 75 82 74 66 61 54 45 38 31 32 37 36 33 34 30 29 23 22 28 27 26 25 24 21 20 19 18 17 16 1 2 7 6 3 4 5 8 9 10 11 12 13 41 40 15 14 44 55 60 59 56 43 42 57 58 69 71 85 86 100 99 87 84 73 72 68 67 70 83 88 98 97 89 90 96 95 94 93 101 102 103 104 115 122 121 

--------------------------------------------------------------------------------------------------

Seed Value: 22
Tiempo de Ejecución: 601.406 segundos
Costo del tour: 15909.2
Tour encontrado:

121 116 117 118 119 120 123 124 169 125 126 131 132 134 138 139 154 155 156 157 158 159 160 153 161 162 152 149 148 147 146 143 142 140 141 135 136 133 130 129 127 170 128 137 144 145 150 151 163 164 165 166 172 171 190 189 188 191 192 193 186 187 196 197 198 195 194 179 185 184 180 178 175 174 173 176 177 181 183 182 168 167 108 109 110 111 107 106 112 113 114 105 92 91 80 79 63 49 64 78 77 76 81 65 51 50 48 35 39 47 52 46 53 62 75 82 74 66 61 54 45 38 31 32 37 36 33 34 30 29 23 22 28 27 26 25 24 21 20 19 18 17 16 1 2 7 6 3 4 5 8 9 10 11 12 13 41 40 15 14 44 55 60 59 56 43 42 57 58 69 71 85 86 100 99 87 84 73 72 68 67 70 83 88 98 97 89 90 96 95 94 93 101 102 103 104 115 122 121 

--------------------------------------------------------------------------------------------------

Seed Value: 22
Tiempo de Ejecución: 600.859 segundos
Costo del tour: 15909.2
Tour encontrado:

121 116 117 118 119 120 123 124 169 125 126 131 132 134 138 139 154 155 156 157 158 159 160 153 161 162 152 149 148 147 146 143 142 140 141 135 136 133 130 129 127 170 128 137 144 145 150 151 163 164 165 166 172 171 190 189 188 191 192 193 186 187 196 197 198 195 194 179 185 184 180 178 175 174 173 176 177 181 183 182 168 167 108 109 110 111 107 106 112 113 114 105 92 91 80 79 63 49 64 78 77 76 81 65 51 50 48 35 39 47 52 46 53 62 75 82 74 66 61 54 45 38 31 32 37 36 33 34 30 29 23 22 28 27 26 25 24 21 20 19 18 17 16 1 2 7 6 3 4 5 8 9 10 11 12 13 41 40 15 14 44 55 60 59 56 43 42 57 58 69 71 85 86 100 99 87 84 73 72 68 67 70 83 88 98 97 89 90 96 95 94 93 101 102 103 104 115 122 121 

--------------------------------------------------------------------------------------------------

Seed Value: 22
Tiempo de Ejecución: 600.062 segundos
Costo del tour: 15909.2
Tour encontrado:

121 116 117 118 119 120 123 124 169 125 126 131 132 134 138 139 154 155 156 157 158 159 160 153 161 162 152 149 148 147 146 143 142 140 141 135 136 133 130 129 127 170 128 137 144 145 150 151 163 164 165 166 172 171 190 189 188 191 192 193 186 187 196 197 198 195 194 179 185 184 180 178 175 174 173 176 177 181 183 182 168 167 108 109 110 111 107 106 112 113 114 105 92 91 80 79 63 49 64 78 77 76 81 65 51 50 48 35 39 47 52 46 53 62 75 82 74 66 61 54 45 38 31 32 37 36 33 34 30 29 23 22 28 27 26 25 24 21 20 19 18 17 16 1 2 7 6 3 4 5 8 9 10 11 12 13 41 40 15 14 44 55 60 59 56 43 42 57 58 69 71 85 86 100 99 87 84 73 72 68 67 70 83 88 98 97 89 90 96 95 94 93 101 102 103 104 115 122 121 

--------------------------------------------------------------------------------------------------

Seed Value: 22
Tiempo de Ejecución: 601.203 segundos
Costo del tour: 15909.2
Tour encontrado:

121 116 117 118 119 120 123 124 169 125 126 131 132 134 138 139 154 155 156 157 158 159 160 153 161 162 152 149 148 147 146 143 142 140 141 135 136 133 130 129 127 170 128 137 144 145 150 151 163 164 165 166 172 171 190 189 188 191 192 193 186 187 196 197 198 195 194 179 185 184 180 178 175 174 173 176 177 181 183 182 168 167 108 109 110 111 107 106 112 113 114 105 92 91 80 79 63 49 64 78 77 76 81 65 51 50 48 35 39 47 52 46 53 62 75 82 74 66 61 54 45 38 31 32 37 36 33 34 30 29 23 22 28 27 26 25 24 21 20 19 18 17 16 1 2 7 6 3 4 5 8 9 10 11 12 13 41 40 15 14 44 55 60 59 56 43 42 57 58 69 71 85 86 100 99 87 84 73 72 68 67 70 83 88 98 97 89 90 96 95 94 93 101 102 103 104 115 122 121 

--------------------------------------------------------------------------------------------------

Seed Value: 22
Tiempo de Ejecución: 601.484 segundos
Costo del tour: 15909.2
Tour encontrado:

121 116 117 118 119 120 123 124 169 125 126 131 132 134 138 139 154 155 156 157 158 159 160 153 161 162 152 149 148 147 146 143 142 140 141 135 136 133 130 129 127 170 128 137 144 145 150 151 163 164 165 166 172 171 190 189 188 191 192 193 186 187 196 197 198 195 194 179 185 184 180 178 175 174 173 176 177 181 183 182 168 167 108 109 110 111 107 106 112 113 114 105 92 91 80 79 63 49 64 78 77 76 81 65 51 50 48 35 39 47 52 46 53 62 75 82 74 66 61 54 45 38 31 32 37 36 33 34 30 29 23 22 28 27 26 25 24 21 20 19 18 17 16 1 2 7 6 3 4 5 8 9 10 11 12 13 41 40 15 14 44 55 60 59 56 43 42 57 58 69 71 85 86 100 99 87 84 73 72 68 67 70 83 88 98 97 89 90 96 95 94 93 101 102 103 104 115 122 121 

--------------------------------------------------------------------------------------------------

Seed Value: 22
Tiempo de Ejecución: 601.031 segundos
Costo del tour: 15909.2
Tour encontrado:

121 116 117 118 119 120 123 124 169 125 126 131 132 134 138 139 154 155 156 157 158 159 160 153 161 162 152 149 148 147 146 143 142 140 141 135 136 133 130 129 127 170 128 137 144 145 150 151 163 164 165 166 172 171 190 189 188 191 192 193 186 187 196 197 198 195 194 179 185 184 180 178 175 174 173 176 177 181 183 182 168 167 108 109 110 111 107 106 112 113 114 105 92 91 80 79 63 49 64 78 77 76 81 65 51 50 48 35 39 47 52 46 53 62 75 82 74 66 61 54 45 38 31 32 37 36 33 34 30 29 23 22 28 27 26 25 24 21 20 19 18 17 16 1 2 7 6 3 4 5 8 9 10 11 12 13 41 40 15 14 44 55 60 59 56 43 42 57 58 69 71 85 86 100 99 87 84 73 72 68 67 70 83 88 98 97 89 90 96 95 94 93 101 102 103 104 115 122 121 

--------------------------------------------------------------------------------------------------

Seed Value: 22
Tiempo de Ejecución: 601.156 segundos
Costo del tour: 15909.2
Tour encontrado:

121 116 117 118 119 120 123 124 169 125 126 131 132 134 138 139 154 155 156 157 158 159 160 153 161 162 152 149 148 147 146 143 142 140 141 135 136 133 130 129 127 170 128 137 144 145 150 151 163 164 165 166 172 171 190 189 188 191 192 193 186 187 196 197 198 195 194 179 185 184 180 178 175 174 173 176 177 181 183 182 168 167 108 109 110 111 107 106 112 113 114 105 92 91 80 79 63 49 64 78 77 76 81 65 51 50 48 35 39 47 52 46 53 62 75 82 74 66 61 54 45 38 31 32 37 36 33 34 30 29 23 22 28 27 26 25 24 21 20 19 18 17 16 1 2 7 6 3 4 5 8 9 10 11 12 13 41 40 15 14 44 55 60 59 56 43 42 57 58 69 71 85 86 100 99 87 84 73 72 68 67 70 83 88 98 97 89 90 96 95 94 93 101 102 103 104 115 122 121 

--------------------------------------------------------------------------------------------------

Seed Value: 22
Tiempo de Ejecución: 601.156 segundos
Costo del tour: 15909.2
Tour encontrado:

121 116 117 118 119 120 123 124 169 125 126 131 132 134 138 139 154 155 156 157 158 159 160 153 161 162 152 149 148 147 146 143 142 140 141 135 136 133 130 129 127 170 128 137 144 145 150 151 163 164 165 166 172 171 190 189 188 191 192 193 186 187 196 197 198 195 194 179 185 184 180 178 175 174 173 176 177 181 183 182 168 167 108 109 110 111 107 106 112 113 114 105 92 91 80 79 63 49 64 78 77 76 81 65 51 50 48 35 39 47 52 46 53 62 75 82 74 66 61 54 45 38 31 32 37 36 33 34 30 29 23 22 28 27 26 25 24 21 20 19 18 17 16 1 2 7 6 3 4 5 8 9 10 11 12 13 41 40 15 14 44 55 60 59 56 43 42 57 58 69 71 85 86 100 99 87 84 73 72 68 67 70 83 88 98 97 89 90 96 95 94 93 101 102 103 104 115 122 121 

--------------------------------------------------------------------------------------------------

Seed Value: 22
Tiempo de Ejecución: 601.141 segundos
Costo del tour: 15909.2
Tour encontrado:

121 116 117 118 119 120 123 124 169 125 126 131 132 134 138 139 154 155 156 157 158 159 160 153 161 162 152 149 148 147 146 143 142 140 141 135 136 133 130 129 127 170 128 137 144 145 150 151 163 164 165 166 172 171 190 189 188 191 192 193 186 187 196 197 198 195 194 179 185 184 180 178 175 174 173 176 177 181 183 182 168 167 108 109 110 111 107 106 112 113 114 105 92 91 80 79 63 49 64 78 77 76 81 65 51 50 48 35 39 47 52 46 53 62 75 82 74 66 61 54 45 38 31 32 37 36 33 34 30 29 23 22 28 27 26 25 24 21 20 19 18 17 16 1 2 7 6 3 4 5 8 9 10 11 12 13 41 40 15 14 44 55 60 59 56 43 42 57 58 69 71 85 86 100 99 87 84 73 72 68 67 70 83 88 98 97 89 90 96 95 94 93 101 102 103 104 115 122 121 

--------------------------------------------------------------------------------------------------

Seed Value: 22
Tiempo de Ejecución: 600.891 segundos
Costo del tour: 15909.2
Tour encontrado:

121 116 117 118 119 120 123 124 169 125 126 131 132 134 138 139 154 155 156 157 158 159 160 153 161 162 152 149 148 147 146 143 142 140 141 135 136 133 130 129 127 170 128 137 144 145 150 151 163 164 165 166 172 171 190 189 188 191 192 193 186 187 196 197 198 195 194 179 185 184 180 178 175 174 173 176 177 181 183 182 168 167 108 109 110 111 107 106 112 113 114 105 92 91 80 79 63 49 64 78 77 76 81 65 51 50 48 35 39 47 52 46 53 62 75 82 74 66 61 54 45 38 31 32 37 36 33 34 30 29 23 22 28 27 26 25 24 21 20 19 18 17 16 1 2 7 6 3 4 5 8 9 10 11 12 13 41 40 15 14 44 55 60 59 56 43 42 57 58 69 71 85 86 100 99 87 84 73 72 68 67 70 83 88 98 97 89 90 96 95 94 93 101 102 103 104 115 122 121 

--------------------------------------------------------------------------------------------------

Seed Value: 22
Tiempo de Ejecución: 600.734 segundos
Costo del tour: 15923.5
Tour encontrado:

172 171 128 170 127 126 169 125 131 130 133 132 134 140 142 147 149 148 153 152 162 161 160 159 158 157 156 155 154 139 138 124 123 120 119 118 117 116 121 122 115 104 103 102 101 93 94 95 96 90 89 97 98 88 83 82 75 62 53 46 52 47 39 34 33 36 37 32 31 38 45 54 61 66 74 70 67 60 59 68 72 73 84 87 99 100 86 85 71 69 58 57 42 43 56 55 44 14 15 40 41 13 12 11 10 9 8 5 4 3 6 7 2 1 16 17 18 19 20 21 24 22 23 29 30 28 27 26 25 35 48 50 51 65 81 76 77 78 64 49 63 79 80 91 92 105 114 113 112 106 107 111 110 109 108 167 168 182 183 181 177 176 173 174 175 178 180 184 185 179 194 195 198 197 196 187 186 193 192 191 188 189 190 166 165 164 163 151 150 144 145 146 143 141 135 136 129 137 172 

--------------------------------------------------------------------------------------------------

Seed Value: 22
Tiempo de Ejecución: 600.516 segundos
Costo del tour: 15920.9
Tour encontrado:

172 171 128 170 127 126 169 125 131 130 129 136 135 133 132 134 140 141 143 142 147 146 149 148 153 152 162 161 160 159 158 157 156 155 154 139 138 124 123 120 119 118 117 121 122 116 115 104 103 102 93 94 101 95 96 90 89 97 98 88 83 82 75 62 53 46 52 47 39 34 33 36 37 32 31 38 45 54 61 66 74 70 67 60 59 68 72 73 84 87 99 100 86 85 71 69 58 57 42 43 56 55 44 14 15 40 41 13 12 11 10 9 8 5 4 3 6 7 2 1 16 17 18 19 20 21 24 22 23 29 30 28 27 26 25 35 48 50 51 65 81 76 77 78 64 49 63 79 80 91 92 105 114 113 112 106 107 111 110 109 108 167 168 182 183 181 177 176 173 174 175 178 180 184 185 179 194 195 198 197 196 187 186 193 192 191 188 189 190 166 165 164 163 151 150 145 144 137 172 

--------------------------------------------------------------------------------------------------

Seed Value: 22
Tiempo de Ejecución: 601.031 segundos
Costo del tour: 15920.9
Tour encontrado:

172 171 128 170 127 126 169 125 131 130 129 136 135 133 132 134 140 141 143 142 147 146 149 148 153 152 162 161 160 159 158 157 156 155 154 139 138 124 123 120 119 118 117 121 122 116 115 104 103 102 93 94 101 95 96 90 89 97 98 88 83 82 75 62 53 46 52 47 39 34 33 36 37 32 31 38 45 54 61 66 74 70 67 60 59 68 72 73 84 87 99 100 86 85 71 69 58 57 42 43 56 55 44 14 15 40 41 13 12 11 10 9 8 5 4 3 6 7 2 1 16 17 18 19 20 21 24 22 23 29 30 28 27 26 25 35 48 50 51 65 81 76 77 78 64 49 63 79 80 91 92 105 114 113 112 106 107 111 110 109 108 167 168 182 183 181 177 176 173 174 175 178 180 184 185 179 194 195 198 197 196 187 186 193 192 191 188 189 190 166 165 164 163 151 150 145 144 137 172 

--------------------------------------------------------------------------------------------------

Seed Value: 22
Tiempo de Ejecución: 600.719 segundos
Costo del tour: 15920.9
Tour encontrado:

172 171 128 170 127 126 169 125 131 130 129 136 135 133 132 134 140 141 143 142 147 146 149 148 153 152 162 161 160 159 158 157 156 155 154 139 138 124 123 120 119 118 117 121 122 116 115 104 103 102 93 94 101 95 96 90 89 97 98 88 83 82 75 62 53 46 52 47 39 34 33 36 37 32 31 38 45 54 61 66 74 70 67 60 59 68 72 73 84 87 99 100 86 85 71 69 58 57 42 43 56 55 44 14 15 40 41 13 12 11 10 9 8 5 4 3 6 7 2 1 16 17 18 19 20 21 24 22 23 29 30 28 27 26 25 35 48 50 51 65 81 76 77 78 64 49 63 79 80 91 92 105 114 113 112 106 107 111 110 109 108 167 168 182 183 181 177 176 173 174 175 178 180 184 185 179 194 195 198 197 196 187 186 193 192 191 188 189 190 166 165 164 163 151 150 145 144 137 172 

--------------------------------------------------------------------------------------------------

Seed Value: 22
Tiempo de Ejecución: 601.016 segundos
Costo del tour: 15920.9
Tour encontrado:

172 171 128 170 127 126 169 125 131 130 129 136 135 133 132 134 140 141 143 142 147 146 149 148 153 152 162 161 160 159 158 157 156 155 154 139 138 124 123 120 119 118 117 121 122 116 115 104 103 102 93 94 101 95 96 90 89 97 98 88 83 82 75 62 53 46 52 47 39 34 33 36 37 32 31 38 45 54 61 66 74 70 67 60 59 68 72 73 84 87 99 100 86 85 71 69 58 57 42 43 56 55 44 14 15 40 41 13 12 11 10 9 8 5 4 3 6 7 2 1 16 17 18 19 20 21 24 22 23 29 30 28 27 26 25 35 48 50 51 65 81 76 77 78 64 49 63 79 80 91 92 105 114 113 112 106 107 111 110 109 108 167 168 182 183 181 177 176 173 174 175 178 180 184 185 179 194 195 198 197 196 187 186 193 192 191 188 189 190 166 165 164 163 151 150 145 144 137 172 

--------------------------------------------------------------------------------------------------

Seed Value: 22
Tiempo de Ejecución: 600.344 segundos
Costo del tour: 15920.9
Tour encontrado:

172 171 128 170 127 126 169 125 131 130 129 136 135 133 132 134 140 141 143 142 147 146 149 148 153 152 162 161 160 159 158 157 156 155 154 139 138 124 123 120 119 118 117 121 122 116 115 104 103 102 93 94 101 95 96 90 89 97 98 88 83 82 75 62 53 46 52 47 39 34 33 36 37 32 31 38 45 54 61 66 74 70 67 60 59 68 72 73 84 87 99 100 86 85 71 69 58 57 42 43 56 55 44 14 15 40 41 13 12 11 10 9 8 5 4 3 6 7 2 1 16 17 18 19 20 21 24 22 23 29 30 28 27 26 25 35 48 50 51 65 81 76 77 78 64 49 63 79 80 91 92 105 114 113 112 106 107 111 110 109 108 167 168 182 183 181 177 176 173 174 175 178 180 184 185 179 194 195 198 197 196 187 186 193 192 191 188 189 190 166 165 164 163 151 150 145 144 137 172 

--------------------------------------------------------------------------------------------------

Seed Value: 22
Tiempo de Ejecución: 600.812 segundos
Costo del tour: 15920.9
Tour encontrado:

172 171 128 170 127 126 169 125 131 130 129 136 135 133 132 134 140 141 143 142 147 146 149 148 153 152 162 161 160 159 158 157 156 155 154 139 138 124 123 120 119 118 117 121 122 116 115 104 103 102 93 94 101 95 96 90 89 97 98 88 83 82 75 62 53 46 52 47 39 34 33 36 37 32 31 38 45 54 61 66 74 70 67 60 59 68 72 73 84 87 99 100 86 85 71 69 58 57 42 43 56 55 44 14 15 40 41 13 12 11 10 9 8 5 4 3 6 7 2 1 16 17 18 19 20 21 24 22 23 29 30 28 27 26 25 35 48 50 51 65 81 76 77 78 64 49 63 79 80 91 92 105 114 113 112 106 107 111 110 109 108 167 168 182 183 181 177 176 173 174 175 178 180 184 185 179 194 195 198 197 196 187 186 193 192 191 188 189 190 166 165 164 163 151 150 145 144 137 172 

--------------------------------------------------------------------------------------------------

Seed Value: 22
Tiempo de Ejecución: 601 segundos
Costo del tour: 15920.9
Tour encontrado:

172 171 128 170 127 126 169 125 131 130 129 136 135 133 132 134 140 141 143 142 147 146 149 148 153 152 162 161 160 159 158 157 156 155 154 139 138 124 123 120 119 118 117 121 122 116 115 104 103 102 93 94 101 95 96 90 89 97 98 88 83 82 75 62 53 46 52 47 39 34 33 36 37 32 31 38 45 54 61 66 74 70 67 60 59 68 72 73 84 87 99 100 86 85 71 69 58 57 42 43 56 55 44 14 15 40 41 13 12 11 10 9 8 5 4 3 6 7 2 1 16 17 18 19 20 21 24 22 23 29 30 28 27 26 25 35 48 50 51 65 81 76 77 78 64 49 63 79 80 91 92 105 114 113 112 106 107 111 110 109 108 167 168 182 183 181 177 176 173 174 175 178 180 184 185 179 194 195 198 197 196 187 186 193 192 191 188 189 190 166 165 164 163 151 150 145 144 137 172 

--------------------------------------------------------------------------------------------------

Seed Value: 22
Tiempo de Ejecución: 601.188 segundos
Costo del tour: 15920.9
Tour encontrado:

172 171 128 170 127 126 169 125 131 130 129 136 135 133 132 134 140 141 143 142 147 146 149 148 153 152 162 161 160 159 158 157 156 155 154 139 138 124 123 120 119 118 117 121 122 116 115 104 103 102 93 94 101 95 96 90 89 97 98 88 83 82 75 62 53 46 52 47 39 34 33 36 37 32 31 38 45 54 61 66 74 70 67 60 59 68 72 73 84 87 99 100 86 85 71 69 58 57 42 43 56 55 44 14 15 40 41 13 12 11 10 9 8 5 4 3 6 7 2 1 16 17 18 19 20 21 24 22 23 29 30 28 27 26 25 35 48 50 51 65 81 76 77 78 64 49 63 79 80 91 92 105 114 113 112 106 107 111 110 109 108 167 168 182 183 181 177 176 173 174 175 178 180 184 185 179 194 195 198 197 196 187 186 193 192 191 188 189 190 166 165 164 163 151 150 145 144 137 172 

--------------------------------------------------------------------------------------------------

Seed Value: 22
Tiempo de Ejecución: 600.641 segundos
Costo del tour: 15920.9
Tour encontrado:

172 171 128 170 127 126 169 125 131 130 129 136 135 133 132 134 140 141 143 142 147 146 149 148 153 152 162 161 160 159 158 157 156 155 154 139 138 124 123 120 119 118 117 121 122 116 115 104 103 102 93 94 101 95 96 90 89 97 98 88 83 82 75 62 53 46 52 47 39 34 33 36 37 32 31 38 45 54 61 66 74 70 67 60 59 68 72 73 84 87 99 100 86 85 71 69 58 57 42 43 56 55 44 14 15 40 41 13 12 11 10 9 8 5 4 3 6 7 2 1 16 17 18 19 20 21 24 22 23 29 30 28 27 26 25 35 48 50 51 65 81 76 77 78 64 49 63 79 80 91 92 105 114 113 112 106 107 111 110 109 108 167 168 182 183 181 177 176 173 174 175 178 180 184 185 179 194 195 198 197 196 187 186 193 192 191 188 189 190 166 165 164 163 151 150 145 144 137 172 

--------------------------------------------------------------------------------------------------

Seed Value: 22
Tiempo de Ejecución: 600.906 segundos
Costo del tour: 15920.9
Tour encontrado:

172 171 128 170 127 126 169 125 131 130 129 136 135 133 132 134 140 141 143 142 147 146 149 148 153 152 162 161 160 159 158 157 156 155 154 139 138 124 123 120 119 118 117 121 122 116 115 104 103 102 93 94 101 95 96 90 89 97 98 88 83 82 75 62 53 46 52 47 39 34 33 36 37 32 31 38 45 54 61 66 74 70 67 60 59 68 72 73 84 87 99 100 86 85 71 69 58 57 42 43 56 55 44 14 15 40 41 13 12 11 10 9 8 5 4 3 6 7 2 1 16 17 18 19 20 21 24 22 23 29 30 28 27 26 25 35 48 50 51 65 81 76 77 78 64 49 63 79 80 91 92 105 114 113 112 106 107 111 110 109 108 167 168 182 183 181 177 176 173 174 175 178 180 184 185 179 194 195 198 197 196 187 186 193 192 191 188 189 190 166 165 164 163 151 150 145 144 137 172 

--------------------------------------------------------------------------------------------------

Seed Value: 22
Tiempo de Ejecución: 600.516 segundos
Costo del tour: 15920.9
Tour encontrado:

172 171 128 170 127 126 169 125 131 130 129 136 135 133 132 134 140 141 143 142 147 146 149 148 153 152 162 161 160 159 158 157 156 155 154 139 138 124 123 120 119 118 117 121 122 116 115 104 103 102 93 94 101 95 96 90 89 97 98 88 83 82 75 62 53 46 52 47 39 34 33 36 37 32 31 38 45 54 61 66 74 70 67 60 59 68 72 73 84 87 99 100 86 85 71 69 58 57 42 43 56 55 44 14 15 40 41 13 12 11 10 9 8 5 4 3 6 7 2 1 16 17 18 19 20 21 24 22 23 29 30 28 27 26 25 35 48 50 51 65 81 76 77 78 64 49 63 79 80 91 92 105 114 113 112 106 107 111 110 109 108 167 168 182 183 181 177 176 173 174 175 178 180 184 185 179 194 195 198 197 196 187 186 193 192 191 188 189 190 166 165 164 163 151 150 145 144 137 172 

--------------------------------------------------------------------------------------------------

Seed Value: 22
Tiempo de Ejecución: 601.188 segundos
Costo del tour: 15920.9
Tour encontrado:

172 171 128 170 127 126 169 125 131 130 129 136 135 133 132 134 140 141 143 142 147 146 149 148 153 152 162 161 160 159 158 157 156 155 154 139 138 124 123 120 119 118 117 121 122 116 115 104 103 102 93 94 101 95 96 90 89 97 98 88 83 82 75 62 53 46 52 47 39 34 33 36 37 32 31 38 45 54 61 66 74 70 67 60 59 68 72 73 84 87 99 100 86 85 71 69 58 57 42 43 56 55 44 14 15 40 41 13 12 11 10 9 8 5 4 3 6 7 2 1 16 17 18 19 20 21 24 22 23 29 30 28 27 26 25 35 48 50 51 65 81 76 77 78 64 49 63 79 80 91 92 105 114 113 112 106 107 111 110 109 108 167 168 182 183 181 177 176 173 174 175 178 180 184 185 179 194 195 198 197 196 187 186 193 192 191 188 189 190 166 165 164 163 151 150 145 144 137 172 

--------------------------------------------------------------------------------------------------

Seed Value: 22
Tiempo de Ejecución: 601.156 segundos
Costo del tour: 15920.9
Tour encontrado:

172 171 128 170 127 126 169 125 131 130 129 136 135 133 132 134 140 141 143 142 147 146 149 148 153 152 162 161 160 159 158 157 156 155 154 139 138 124 123 120 119 118 117 121 122 116 115 104 103 102 93 94 101 95 96 90 89 97 98 88 83 82 75 62 53 46 52 47 39 34 33 36 37 32 31 38 45 54 61 66 74 70 67 60 59 68 72 73 84 87 99 100 86 85 71 69 58 57 42 43 56 55 44 14 15 40 41 13 12 11 10 9 8 5 4 3 6 7 2 1 16 17 18 19 20 21 24 22 23 29 30 28 27 26 25 35 48 50 51 65 81 76 77 78 64 49 63 79 80 91 92 105 114 113 112 106 107 111 110 109 108 167 168 182 183 181 177 176 173 174 175 178 180 184 185 179 194 195 198 197 196 187 186 193 192 191 188 189 190 166 165 164 163 151 150 145 144 137 172 

--------------------------------------------------------------------------------------------------

Seed Value: 22
Tiempo de Ejecución: 600.266 segundos
Costo del tour: 15920.9
Tour encontrado:

172 171 128 170 127 126 169 125 131 130 129 136 135 133 132 134 140 141 143 142 147 146 149 148 153 152 162 161 160 159 158 157 156 155 154 139 138 124 123 120 119 118 117 121 122 116 115 104 103 102 93 94 101 95 96 90 89 97 98 88 83 82 75 62 53 46 52 47 39 34 33 36 37 32 31 38 45 54 61 66 74 70 67 60 59 68 72 73 84 87 99 100 86 85 71 69 58 57 42 43 56 55 44 14 15 40 41 13 12 11 10 9 8 5 4 3 6 7 2 1 16 17 18 19 20 21 24 22 23 29 30 28 27 26 25 35 48 50 51 65 81 76 77 78 64 49 63 79 80 91 92 105 114 113 112 106 107 111 110 109 108 167 168 182 183 181 177 176 173 174 175 178 180 184 185 179 194 195 198 197 196 187 186 193 192 191 188 189 190 166 165 164 163 151 150 145 144 137 172 

--------------------------------------------------------------------------------------------------

Seed Value: 22
Tiempo de Ejecución: 7200.3 segundos
Costo del tour: 15883.2
Tour encontrado:

172 165 166 164 163 151 150 145 144 137 129 128 170 127 126 169 125 124 138 132 131 130 133 136 135 134 140 141 143 142 147 146 149 148 153 152 162 161 160 159 158 157 156 155 154 139 123 120 119 118 117 116 121 122 115 104 103 102 93 101 94 95 96 90 89 97 98 88 83 82 75 62 53 45 54 61 66 74 70 67 68 72 73 84 87 99 100 86 85 71 69 58 57 42 43 56 59 60 55 44 38 31 14 15 40 41 13 12 11 10 9 8 5 4 3 6 7 2 1 16 17 18 19 20 21 24 25 26 27 22 23 29 28 30 32 37 36 33 34 35 39 51 47 46 52 65 81 76 77 78 64 50 48 49 63 79 80 91 92 105 114 113 112 106 107 111 110 109 108 167 168 182 183 181 177 176 173 174 175 178 180 184 185 179 194 195 198 197 196 187 186 193 192 191 188 189 190 171 172 

--------------------------------------------------------------------------------------------------

Seed Value: 22
Tiempo de Ejecución: 7201.31 segundos
Costo del tour: 15863.1
Tour encontrado:

172 166 165 164 163 151 150 145 144 137 129 128 170 127 126 125 169 124 138 140 134 132 131 130 133 136 135 141 143 142 147 146 149 148 153 152 162 161 160 159 158 157 156 155 154 139 123 120 119 118 117 116 121 122 115 104 103 102 101 93 94 95 96 90 89 97 98 88 83 82 75 62 53 46 36 37 32 31 38 45 54 61 66 74 70 67 68 72 73 84 87 99 100 86 85 71 69 58 57 42 43 56 59 60 55 44 14 15 40 41 13 12 11 10 9 8 5 4 3 6 7 2 1 16 17 18 19 20 21 24 22 23 29 30 33 34 28 27 25 26 35 39 47 51 52 65 81 76 77 78 64 50 48 49 63 79 80 91 92 105 114 113 112 106 107 111 110 109 108 167 168 182 183 181 177 176 173 174 175 178 180 184 185 179 194 195 198 197 196 186 193 192 187 191 188 189 190 171 172 

--------------------------------------------------------------------------------------------------

