Seed Value: 0
Tiempo de Ejecución: 1.10938 segundos
Costo del tour: 509.312
Tour encontrado:

50 9 49 10 30 34 21 29 16 38 5 11 32 1 22 28 31 8 26 7 23 48 27 51 46 12 47 4 17 37 44 42 19 40 41 13 25 14 24 43 6 18 15 45 33 39 20 35 36 3 2 50 

--------------------------------------------------------------------------------------------------

Seed Value: 2
Tiempo de Ejecución: 2.03125 segundos
Costo del tour: 484.588
Tour encontrado:

38 11 32 27 1 22 28 31 8 26 7 23 6 51 46 12 47 18 4 17 37 44 42 40 19 41 13 25 14 24 43 48 5 15 45 33 39 10 49 9 30 34 50 16 21 29 35 36 3 20 2 38 

--------------------------------------------------------------------------------------------------

Seed Value: 25
Tiempo de Ejecución: 1.76562 segundos
Costo del tour: 464.62
Tour encontrado:

6 23 48 27 51 12 47 18 4 17 37 44 42 19 40 41 13 25 14 24 43 7 26 8 31 28 3 36 35 20 29 21 34 30 39 10 9 50 16 2 22 1 32 11 38 49 33 45 15 5 46 6 

--------------------------------------------------------------------------------------------------

Seed Value: 51
Tiempo de Ejecución: 3.57812 segundos
Costo del tour: 486.722
Tour encontrado:

5 2 3 28 31 26 8 22 1 32 51 46 12 47 18 4 17 37 44 42 19 40 41 13 25 14 24 43 7 23 6 48 27 11 38 49 9 50 16 21 29 20 35 36 34 30 10 39 33 45 15 5 

--------------------------------------------------------------------------------------------------

Seed Value: 13
Tiempo de Ejecución: 6.90625 segundos
Costo del tour: 470.597
Tour encontrado:

44 37 17 18 4 42 19 40 41 13 25 14 6 27 46 51 47 12 5 2 20 36 35 3 22 28 31 8 26 7 43 24 23 48 1 32 11 38 9 50 16 29 21 34 30 49 10 39 33 45 15 44 

--------------------------------------------------------------------------------------------------

Seed Value: 1312
Tiempo de Ejecución: 2.625 segundos
Costo del tour: 464.312
Tour encontrado:

46 12 47 18 4 17 37 44 42 19 40 41 13 25 14 24 43 7 23 6 51 11 38 49 9 50 16 2 29 21 34 30 39 10 33 45 15 5 27 48 8 26 31 28 3 36 35 20 22 1 32 46 

--------------------------------------------------------------------------------------------------

Seed Value: 2
Tiempo de Ejecución: 600 segundos
Costo del tour: 442.37
Tour encontrado:

40 19 42 44 15 45 33 39 10 30 34 21 50 16 32 11 38 9 49 5 37 17 4 18 47 12 46 51 6 48 27 1 22 2 29 20 35 36 3 28 31 8 26 7 23 43 24 14 25 13 41 40 

--------------------------------------------------------------------------------------------------

Seed Value: 2
Tiempo de Ejecución: 600.016 segundos
Costo del tour: 431.192
Tour encontrado:

19 42 44 17 37 15 45 33 39 10 49 5 38 11 32 1 22 2 16 50 9 30 34 21 29 20 35 36 3 28 31 8 26 7 43 24 23 48 6 27 46 51 12 47 4 18 14 25 13 41 40 19 

--------------------------------------------------------------------------------------------------

Seed Value: 2
Tiempo de Ejecución: 600.016 segundos
Costo del tour: 431.192
Tour encontrado:

19 42 44 17 37 15 45 33 39 10 49 5 38 11 32 1 22 2 16 50 9 30 34 21 29 20 35 36 3 28 31 8 26 7 43 24 23 48 6 27 46 51 12 47 4 18 14 25 13 41 40 19 

--------------------------------------------------------------------------------------------------

Seed Value: 2
Tiempo de Ejecución: 1200 segundos
Costo del tour: 431.192
Tour encontrado:

19 42 44 17 37 15 45 33 39 10 49 5 38 11 32 1 22 2 16 50 9 30 34 21 29 20 35 36 3 28 31 8 26 7 43 24 23 48 6 27 46 51 12 47 4 18 14 25 13 41 40 19 

--------------------------------------------------------------------------------------------------

Seed Value: 1200
Tiempo de Ejecución: 0 segundos
Costo del tour: 630.642
Tour encontrado:

21 29 2 16 50 9 49 10 30 34 38 11 32 1 22 28 31 8 26 7 23 48 27 51 46 12 47 4 17 37 15 44 42 19 41 13 25 14 6 24 43 18 5 45 33 39 20 35 36 3 40 21 

--------------------------------------------------------------------------------------------------

Seed Value: 2
Tiempo de Ejecución: 1200 segundos
Costo del tour: 431.192
Tour encontrado:

19 42 44 17 37 15 45 33 39 10 49 5 38 11 32 1 22 2 16 50 9 30 34 21 29 20 35 36 3 28 31 8 26 7 43 24 23 48 6 27 46 51 12 47 4 18 14 25 13 41 40 19 

--------------------------------------------------------------------------------------------------

Seed Value: 2
Tiempo de Ejecución: 1200 segundos
Costo del tour: 428.872
Tour encontrado:

13 25 14 24 43 7 23 48 6 27 51 46 12 47 18 4 17 37 5 38 11 32 1 22 8 26 31 28 3 36 35 20 29 2 16 50 21 34 30 9 49 10 39 33 45 15 44 42 19 40 41 13 

--------------------------------------------------------------------------------------------------

Seed Value: 2
Tiempo de Ejecución: 0.015625 segundos
Costo del tour: 505.774
Tour encontrado:

47 12 46 51 27 1 32 11 38 5 49 9 50 16 2 29 21 34 30 10 39 33 45 15 44 37 17 4 18 14 25 13 41 19 42 40 6 48 8 26 31 28 3 20 35 36 22 7 23 24 43 47 

--------------------------------------------------------------------------------------------------

Seed Value: 2
Tiempo de Ejecución: 1200.02 segundos
Costo del tour: 433.448
Tour encontrado:

47 18 4 17 37 5 38 9 50 16 2 11 32 1 22 8 26 31 28 3 36 35 20 29 21 34 30 49 10 39 33 45 15 44 42 19 40 41 13 25 14 24 43 7 23 48 6 27 46 51 12 47 

--------------------------------------------------------------------------------------------------

Seed Value: 2
Tiempo de Ejecución: 60 segundos
Costo del tour: 430.507
Tour encontrado:

13 25 14 24 43 7 23 48 6 27 51 46 12 47 18 4 17 37 5 38 49 9 50 16 2 11 32 1 22 8 26 31 28 3 36 35 20 29 21 34 30 39 10 33 45 15 44 42 19 40 41 13 

--------------------------------------------------------------------------------------------------

Seed Value: 22
Tiempo de Ejecución: 60.0156 segundos
Costo del tour: 429.53
Tour encontrado:

31 28 3 36 35 20 29 21 34 30 10 39 33 45 15 44 42 19 40 41 13 25 14 24 43 7 23 48 6 27 51 46 12 47 18 4 17 37 5 38 49 9 50 16 2 11 32 1 22 8 26 31 

--------------------------------------------------------------------------------------------------

Seed Value: 222
Tiempo de Ejecución: 60 segundos
Costo del tour: 429.118
Tour encontrado:

26 31 28 3 36 35 20 2 29 21 16 50 34 30 9 49 10 39 33 45 15 44 42 19 40 41 13 25 14 24 43 7 23 48 6 27 51 46 12 47 18 4 17 37 5 38 11 32 1 22 8 26 

--------------------------------------------------------------------------------------------------

Seed Value: 2222
Tiempo de Ejecución: 60 segundos
Costo del tour: 428.982
Tour encontrado:

22 2 16 50 9 30 34 21 29 20 35 36 3 28 31 8 26 7 43 24 23 48 6 27 51 46 12 47 4 18 14 25 13 41 40 19 42 44 17 37 15 45 33 39 10 49 5 38 11 32 1 22 

--------------------------------------------------------------------------------------------------

Seed Value: 22222
Tiempo de Ejecución: 60 segundos
Costo del tour: 430.746
Tour encontrado:

16 21 29 20 35 36 3 28 31 26 8 48 23 7 43 24 6 27 51 46 12 47 4 18 14 25 13 41 40 19 42 44 17 37 15 45 33 39 10 30 34 50 9 49 5 38 11 32 1 22 2 16 

--------------------------------------------------------------------------------------------------

Seed Value: 2222
Tiempo de Ejecución: 120 segundos
Costo del tour: 428.982
Tour encontrado:

22 2 16 50 9 30 34 21 29 20 35 36 3 28 31 8 26 7 43 24 23 48 6 27 51 46 12 47 4 18 14 25 13 41 40 19 42 44 17 37 15 45 33 39 10 49 5 38 11 32 1 22 

--------------------------------------------------------------------------------------------------

Seed Value: 2222
Tiempo de Ejecución: 1979.44 segundos
Costo del tour: 428.982
Tour encontrado:

22 2 16 50 9 30 34 21 29 20 35 36 3 28 31 8 26 7 43 24 23 48 6 27 51 46 12 47 4 18 14 25 13 41 40 19 42 44 17 37 15 45 33 39 10 49 5 38 11 32 1 22 

--------------------------------------------------------------------------------------------------

Seed Value: 2222
Tiempo de Ejecución: 10.0156 segundos
Costo del tour: 435.507
Tour encontrado:

22 1 32 11 38 5 49 9 50 16 2 29 21 34 30 10 39 33 45 15 44 37 17 4 42 19 40 41 13 25 14 18 47 12 46 51 27 6 48 23 24 43 7 26 8 31 28 3 36 35 20 22 

--------------------------------------------------------------------------------------------------

Seed Value: 2222
Tiempo de Ejecución: 10 segundos
Costo del tour: 435.507
Tour encontrado:

22 1 32 11 38 5 49 9 50 16 2 29 21 34 30 10 39 33 45 15 44 37 17 4 42 19 40 41 13 25 14 18 47 12 46 51 27 6 48 23 24 43 7 26 8 31 28 3 36 35 20 22 

--------------------------------------------------------------------------------------------------

Seed Value: 2222
Tiempo de Ejecución: 10 segundos
Costo del tour: 435.507
Tour encontrado:

22 1 32 11 38 5 49 9 50 16 2 29 21 34 30 10 39 33 45 15 44 37 17 4 42 19 40 41 13 25 14 18 47 12 46 51 27 6 48 23 24 43 7 26 8 31 28 3 36 35 20 22 

--------------------------------------------------------------------------------------------------

Seed Value: 2222
Tiempo de Ejecución: 10 segundos
Costo del tour: 435.507
Tour encontrado:

22 1 32 11 38 5 49 9 50 16 2 29 21 34 30 10 39 33 45 15 44 37 17 4 42 19 40 41 13 25 14 18 47 12 46 51 27 6 48 23 24 43 7 26 8 31 28 3 36 35 20 22 

--------------------------------------------------------------------------------------------------

Seed Value: 2222
Tiempo de Ejecución: 60 segundos
Costo del tour: 435.507
Tour encontrado:

22 1 32 11 38 5 49 9 50 16 2 29 21 34 30 10 39 33 45 15 44 37 17 4 42 19 40 41 13 25 14 18 47 12 46 51 27 6 48 23 24 43 7 26 8 31 28 3 36 35 20 22 

--------------------------------------------------------------------------------------------------

Seed Value: 2222
Tiempo de Ejecución: 60.0156 segundos
Costo del tour: 435.507
Tour encontrado:

22 1 32 11 38 5 49 9 50 16 2 29 21 34 30 10 39 33 45 15 44 37 17 4 42 19 40 41 13 25 14 18 47 12 46 51 27 6 48 23 24 43 7 26 8 31 28 3 36 35 20 22 

--------------------------------------------------------------------------------------------------

Seed Value: 2222
Tiempo de Ejecución: 60 segundos
Costo del tour: 435.507
Tour encontrado:

22 1 32 11 38 5 49 9 50 16 2 29 21 34 30 10 39 33 45 15 44 37 17 4 42 19 40 41 13 25 14 18 47 12 46 51 27 6 48 23 24 43 7 26 8 31 28 3 36 35 20 22 

--------------------------------------------------------------------------------------------------

Seed Value: 2222
Tiempo de Ejecución: 60 segundos
Costo del tour: 435.507
Tour encontrado:

22 1 32 11 38 5 49 9 50 16 2 29 21 34 30 10 39 33 45 15 44 37 17 4 42 19 40 41 13 25 14 18 47 12 46 51 27 6 48 23 24 43 7 26 8 31 28 3 36 35 20 22 

--------------------------------------------------------------------------------------------------

Seed Value: 2222
Tiempo de Ejecución: 60 segundos
Costo del tour: 435.507
Tour encontrado:

22 1 32 11 38 5 49 9 50 16 2 29 21 34 30 10 39 33 45 15 44 37 17 4 42 19 40 41 13 25 14 18 47 12 46 51 27 6 48 23 24 43 7 26 8 31 28 3 36 35 20 22 

--------------------------------------------------------------------------------------------------

Seed Value: 2222
Tiempo de Ejecución: 60 segundos
Costo del tour: 435.507
Tour encontrado:

22 1 32 11 38 5 49 9 50 16 2 29 21 34 30 10 39 33 45 15 44 37 17 4 42 19 40 41 13 25 14 18 47 12 46 51 27 6 48 23 24 43 7 26 8 31 28 3 36 35 20 22 

--------------------------------------------------------------------------------------------------

Seed Value: 2222
Tiempo de Ejecución: 60 segundos
Costo del tour: 435.507
Tour encontrado:

22 1 32 11 38 5 49 9 50 16 2 29 21 34 30 10 39 33 45 15 44 37 17 4 42 19 40 41 13 25 14 18 47 12 46 51 27 6 48 23 24 43 7 26 8 31 28 3 36 35 20 22 

--------------------------------------------------------------------------------------------------

Seed Value: 2222
Tiempo de Ejecución: 60.0156 segundos
Costo del tour: 435.507
Tour encontrado:

22 1 32 11 38 5 49 9 50 16 2 29 21 34 30 10 39 33 45 15 44 37 17 4 42 19 40 41 13 25 14 18 47 12 46 51 27 6 48 23 24 43 7 26 8 31 28 3 36 35 20 22 

--------------------------------------------------------------------------------------------------

Seed Value: 2222
Tiempo de Ejecución: 60 segundos
Costo del tour: 433.361
Tour encontrado:

22 1 32 11 38 5 49 9 50 34 30 10 39 33 45 15 37 17 44 42 19 40 41 13 25 14 24 43 7 23 6 18 4 47 12 46 51 27 48 8 26 31 28 3 36 35 20 29 21 16 2 22 

--------------------------------------------------------------------------------------------------

Seed Value: 2222
Tiempo de Ejecución: 60.0156 segundos
Costo del tour: 428.982
Tour encontrado:

22 1 32 11 38 5 49 10 39 33 45 15 37 17 44 42 19 40 41 13 25 14 18 4 47 12 46 51 27 6 48 23 24 43 7 26 8 31 28 3 36 35 20 29 21 34 30 9 50 16 2 22 

--------------------------------------------------------------------------------------------------

Seed Value: 2222
Tiempo de Ejecución: 60 segundos
Costo del tour: 428.982
Tour encontrado:

22 2 16 50 9 30 34 21 29 20 35 36 3 28 31 8 26 7 43 24 23 48 6 27 51 46 12 47 4 18 14 25 13 41 40 19 42 44 17 37 15 45 33 39 10 49 5 38 11 32 1 22 

--------------------------------------------------------------------------------------------------

Seed Value: 2222
Tiempo de Ejecución: 60 segundos
Costo del tour: 430.746
Tour encontrado:

22 2 16 21 29 20 35 36 3 28 31 26 8 48 23 7 43 24 6 27 51 46 12 47 4 18 14 25 13 41 40 19 42 44 17 37 15 45 33 39 10 30 34 50 9 49 5 38 11 32 1 22 

--------------------------------------------------------------------------------------------------

Seed Value: 2222
Tiempo de Ejecución: 180.016 segundos
Costo del tour: 435.507
Tour encontrado:

22 1 32 11 38 5 49 9 50 16 2 29 21 34 30 10 39 33 45 15 44 37 17 4 42 19 40 41 13 25 14 18 47 12 46 51 27 6 48 23 24 43 7 26 8 31 28 3 36 35 20 22 

--------------------------------------------------------------------------------------------------

Seed Value: 2222
Tiempo de Ejecución: 180.016 segundos
Costo del tour: 435.507
Tour encontrado:

22 1 32 11 38 5 49 9 50 16 2 29 21 34 30 10 39 33 45 15 44 37 17 4 42 19 40 41 13 25 14 18 47 12 46 51 27 6 48 23 24 43 7 26 8 31 28 3 36 35 20 22 

--------------------------------------------------------------------------------------------------

Seed Value: 2222
Tiempo de Ejecución: 180 segundos
Costo del tour: 433.361
Tour encontrado:

22 1 32 11 38 5 49 9 50 34 30 10 39 33 45 15 37 17 44 42 19 40 41 13 25 14 24 43 7 23 6 18 4 47 12 46 51 27 48 8 26 31 28 3 36 35 20 29 21 16 2 22 

--------------------------------------------------------------------------------------------------

Seed Value: 2222
Tiempo de Ejecución: 180 segundos
Costo del tour: 428.982
Tour encontrado:

22 1 32 11 38 5 49 10 39 33 45 15 37 17 44 42 19 40 41 13 25 14 18 4 47 12 46 51 27 6 48 23 24 43 7 26 8 31 28 3 36 35 20 29 21 34 30 9 50 16 2 22 

--------------------------------------------------------------------------------------------------

Seed Value: 2222
Tiempo de Ejecución: 180 segundos
Costo del tour: 428.982
Tour encontrado:

22 2 16 50 9 30 34 21 29 20 35 36 3 28 31 8 26 7 43 24 23 48 6 27 51 46 12 47 4 18 14 25 13 41 40 19 42 44 17 37 15 45 33 39 10 49 5 38 11 32 1 22 

--------------------------------------------------------------------------------------------------

Seed Value: 2222
Tiempo de Ejecución: 180.031 segundos
Costo del tour: 430.746
Tour encontrado:

22 2 16 21 29 20 35 36 3 28 31 26 8 48 23 7 43 24 6 27 51 46 12 47 4 18 14 25 13 41 40 19 42 44 17 37 15 45 33 39 10 30 34 50 9 49 5 38 11 32 1 22 

--------------------------------------------------------------------------------------------------

Seed Value: 2222
Tiempo de Ejecución: 180 segundos
Costo del tour: 430.244
Tour encontrado:

22 1 32 11 38 5 49 9 50 34 30 10 39 33 45 15 37 17 44 42 19 40 41 13 25 14 18 4 47 12 46 51 27 6 48 23 24 43 7 26 8 31 28 3 36 35 20 29 21 16 2 22 

--------------------------------------------------------------------------------------------------

Seed Value: 2222
Tiempo de Ejecución: 180.016 segundos
Costo del tour: 429.484
Tour encontrado:

22 2 16 50 9 30 34 21 29 20 35 36 3 28 31 26 8 48 23 7 43 24 6 27 51 46 12 47 4 18 14 25 13 41 40 19 42 44 17 37 15 45 33 39 10 49 5 38 11 32 1 22 

--------------------------------------------------------------------------------------------------

Seed Value: 2222
Tiempo de Ejecución: 180.016 segundos
Costo del tour: 429.484
Tour encontrado:

22 2 16 50 9 30 34 21 29 20 35 36 3 28 31 26 8 48 23 7 43 24 6 27 51 46 12 47 4 18 14 25 13 41 40 19 42 44 17 37 15 45 33 39 10 49 5 38 11 32 1 22 

--------------------------------------------------------------------------------------------------

Seed Value: 2222
Tiempo de Ejecución: 180 segundos
Costo del tour: 429.484
Tour encontrado:

22 2 16 50 9 30 34 21 29 20 35 36 3 28 31 26 8 48 23 7 43 24 6 27 51 46 12 47 4 18 14 25 13 41 40 19 42 44 17 37 15 45 33 39 10 49 5 38 11 32 1 22 

--------------------------------------------------------------------------------------------------

Seed Value: 2222
Tiempo de Ejecución: 180 segundos
Costo del tour: 429.53
Tour encontrado:

22 8 26 31 28 3 36 35 20 29 21 34 30 10 39 33 45 15 44 42 19 40 41 13 25 14 24 43 7 23 48 6 27 51 46 12 47 18 4 17 37 5 38 49 9 50 16 2 11 32 1 22 

--------------------------------------------------------------------------------------------------

Seed Value: 2222
Tiempo de Ejecución: 180 segundos
Costo del tour: 428.982
Tour encontrado:

22 1 32 11 38 5 49 10 39 33 45 15 37 17 44 42 19 40 41 13 25 14 18 4 47 12 46 51 27 6 48 23 24 43 7 26 8 31 28 3 36 35 20 29 21 34 30 9 50 16 2 22 

--------------------------------------------------------------------------------------------------

Seed Value: 2222
Tiempo de Ejecución: 180 segundos
Costo del tour: 428.982
Tour encontrado:

22 1 32 11 38 5 49 10 39 33 45 15 37 17 44 42 19 40 41 13 25 14 18 4 47 12 46 51 27 6 48 23 24 43 7 26 8 31 28 3 36 35 20 29 21 34 30 9 50 16 2 22 

--------------------------------------------------------------------------------------------------

Seed Value: 2222
Tiempo de Ejecución: 180 segundos
Costo del tour: 428.872
Tour encontrado:

22 1 32 11 38 5 37 17 4 18 47 12 46 51 27 6 48 23 7 43 24 14 25 13 41 40 19 42 44 15 45 33 39 10 49 9 30 34 21 50 16 2 29 20 35 36 3 28 31 26 8 22 

--------------------------------------------------------------------------------------------------

Seed Value: 2222
Tiempo de Ejecución: 180 segundos
Costo del tour: 429.53
Tour encontrado:

22 8 26 31 28 3 36 35 20 29 21 34 30 10 39 33 45 15 44 42 19 40 41 13 25 14 24 43 7 23 48 6 27 51 46 12 47 18 4 17 37 5 38 49 9 50 16 2 11 32 1 22 

--------------------------------------------------------------------------------------------------

Seed Value: 2222
Tiempo de Ejecución: 180 segundos
Costo del tour: 429.484
Tour encontrado:

22 2 16 50 9 30 34 21 29 20 35 36 3 28 31 26 8 48 23 7 43 24 6 27 51 46 12 47 4 18 14 25 13 41 40 19 42 44 17 37 15 45 33 39 10 49 5 38 11 32 1 22 

--------------------------------------------------------------------------------------------------

Seed Value: 2222
Tiempo de Ejecución: 180 segundos
Costo del tour: 429.484
Tour encontrado:

22 2 16 50 9 30 34 21 29 20 35 36 3 28 31 26 8 48 23 7 43 24 6 27 51 46 12 47 4 18 14 25 13 41 40 19 42 44 17 37 15 45 33 39 10 49 5 38 11 32 1 22 

--------------------------------------------------------------------------------------------------

Seed Value: 2222
Tiempo de Ejecución: 180.016 segundos
Costo del tour: 429.53
Tour encontrado:

22 1 32 11 2 16 50 9 49 38 5 37 17 4 18 47 12 46 51 27 6 48 23 7 43 24 14 25 13 41 40 19 42 44 15 45 33 39 10 30 34 21 29 20 35 36 3 28 31 26 8 22 

--------------------------------------------------------------------------------------------------

Seed Value: 2222
Tiempo de Ejecución: 180 segundos
Costo del tour: 429.737
Tour encontrado:

22 8 26 31 28 3 36 35 20 29 2 16 50 21 34 30 9 49 10 39 33 45 15 44 42 40 19 41 13 25 14 24 43 7 23 48 6 27 51 46 12 47 18 4 17 37 5 38 11 32 1 22 

--------------------------------------------------------------------------------------------------

Seed Value: 2222
Tiempo de Ejecución: 180 segundos
Costo del tour: 429.53
Tour encontrado:

22 8 26 31 28 3 36 35 20 29 21 34 30 10 39 33 45 15 44 42 19 40 41 13 25 14 24 43 7 23 48 6 27 51 46 12 47 18 4 17 37 5 38 49 9 50 16 2 11 32 1 22 

--------------------------------------------------------------------------------------------------

Seed Value: 22
Tiempo de Ejecución: 231.484 segundos
Costo del tour: 430.601
Tour encontrado:

31 28 3 36 35 20 29 21 50 16 2 22 1 32 11 38 5 49 9 34 30 10 39 33 45 15 37 17 44 42 19 40 41 13 25 14 18 4 47 12 46 51 27 6 48 23 24 43 7 26 8 31 

--------------------------------------------------------------------------------------------------

Seed Value: 22
Tiempo de Ejecución: 263.297 segundos
Costo del tour: 431.109
Tour encontrado:

31 28 3 36 35 20 29 21 16 2 22 1 32 11 38 5 49 9 50 34 30 10 39 33 45 15 37 17 44 42 40 19 41 13 25 14 18 4 47 12 46 51 27 6 48 23 24 43 7 26 8 31 

--------------------------------------------------------------------------------------------------

Seed Value: 22
Tiempo de Ejecución: 431.844 segundos
Costo del tour: 428.982
Tour encontrado:

31 28 3 36 35 20 29 21 34 30 9 50 16 2 22 1 32 11 38 5 49 10 39 33 45 15 37 17 44 42 19 40 41 13 25 14 18 4 47 12 46 51 27 6 48 23 24 43 7 26 8 31 

--------------------------------------------------------------------------------------------------

Seed Value: 22
Tiempo de Ejecución: 377.375 segundos
Costo del tour: 428.982
Tour encontrado:

31 28 3 36 35 20 29 21 34 30 9 50 16 2 22 1 32 11 38 5 49 10 39 33 45 15 37 17 44 42 19 40 41 13 25 14 18 4 47 12 46 51 27 6 48 23 24 43 7 26 8 31 

--------------------------------------------------------------------------------------------------

Seed Value: 22
Tiempo de Ejecución: 600.031 segundos
Costo del tour: 429.118
Tour encontrado:

31 26 8 22 1 32 11 38 5 37 17 4 18 47 12 46 51 27 6 48 23 7 43 24 14 25 13 41 40 19 42 44 15 45 33 39 10 49 9 30 34 50 16 21 29 2 20 35 36 3 28 31 

--------------------------------------------------------------------------------------------------

Seed Value: 22
Tiempo de Ejecución: 600.016 segundos
Costo del tour: 429.53
Tour encontrado:

31 26 8 22 1 32 11 2 16 50 9 49 38 5 37 17 4 18 47 12 46 51 27 6 48 23 7 43 24 14 25 13 41 40 19 42 44 15 45 33 39 10 30 34 21 29 20 35 36 3 28 31 

--------------------------------------------------------------------------------------------------

Seed Value: 22
Tiempo de Ejecución: 476.766 segundos
Costo del tour: 428.872
Tour encontrado:

31 28 3 36 35 20 29 2 16 50 21 34 30 9 49 10 39 33 45 15 44 42 19 40 41 13 25 14 24 43 7 23 48 6 27 51 46 12 47 18 4 17 37 5 38 11 32 1 22 8 26 31 

--------------------------------------------------------------------------------------------------

Seed Value: 22
Tiempo de Ejecución: 438.641 segundos
Costo del tour: 429.53
Tour encontrado:

31 26 8 22 1 32 11 2 16 50 9 49 38 5 37 17 4 18 47 12 46 51 27 6 48 23 7 43 24 14 25 13 41 40 19 42 44 15 45 33 39 10 30 34 21 29 20 35 36 3 28 31 

--------------------------------------------------------------------------------------------------

Seed Value: 22
Tiempo de Ejecución: 374.172 segundos
Costo del tour: 428.872
Tour encontrado:

31 26 8 22 1 32 11 38 5 37 17 4 18 47 12 46 51 27 6 48 23 7 43 24 14 25 13 41 40 19 42 44 15 45 33 39 10 49 9 30 34 21 50 16 2 29 20 35 36 3 28 31 

--------------------------------------------------------------------------------------------------

Seed Value: 22
Tiempo de Ejecución: 436.297 segundos
Costo del tour: 428.872
Tour encontrado:

31 28 3 36 35 20 29 2 16 50 21 34 30 9 49 10 39 33 45 15 44 42 19 40 41 13 25 14 24 43 7 23 48 6 27 51 46 12 47 18 4 17 37 5 38 11 32 1 22 8 26 31 

--------------------------------------------------------------------------------------------------

Seed Value: 22
Tiempo de Ejecución: 536.406 segundos
Costo del tour: 428.872
Tour encontrado:

31 28 3 36 35 20 29 2 16 50 21 34 30 9 49 10 39 33 45 15 44 42 19 40 41 13 25 14 24 43 7 23 48 6 27 51 46 12 47 18 4 17 37 5 38 11 32 1 22 8 26 31 

--------------------------------------------------------------------------------------------------

Seed Value: 22
Tiempo de Ejecución: 305.156 segundos
Costo del tour: 429.484
Tour encontrado:

31 28 3 36 35 20 29 21 34 30 9 50 16 2 22 1 32 11 38 5 49 10 39 33 45 15 37 17 44 42 19 40 41 13 25 14 18 4 47 12 46 51 27 6 24 43 7 23 48 8 26 31 

--------------------------------------------------------------------------------------------------

Seed Value: 22
Tiempo de Ejecución: 423.578 segundos
Costo del tour: 428.872
Tour encontrado:

31 28 3 36 35 20 29 2 16 50 21 34 30 9 49 10 39 33 45 15 44 42 19 40 41 13 25 14 24 43 7 23 48 6 27 51 46 12 47 18 4 17 37 5 38 11 32 1 22 8 26 31 

--------------------------------------------------------------------------------------------------

Seed Value: 22
Tiempo de Ejecución: 521.547 segundos
Costo del tour: 428.872
Tour encontrado:

31 26 8 22 1 32 11 38 5 37 17 4 18 47 12 46 51 27 6 48 23 7 43 24 14 25 13 41 40 19 42 44 15 45 33 39 10 49 9 30 34 21 50 16 2 29 20 35 36 3 28 31 

--------------------------------------------------------------------------------------------------

Seed Value: 22
Tiempo de Ejecución: 339.531 segundos
Costo del tour: 430.396
Tour encontrado:

31 28 3 36 35 20 29 21 34 30 10 39 33 45 15 44 42 40 19 41 13 25 14 24 43 7 23 48 6 27 51 46 12 47 18 4 17 37 5 38 49 9 50 16 2 11 32 1 22 8 26 31 

--------------------------------------------------------------------------------------------------

Seed Value: 22
Tiempo de Ejecución: 251.078 segundos
Costo del tour: 428.982
Tour encontrado:

31 28 3 36 35 20 29 21 34 30 9 50 16 2 22 1 32 11 38 5 49 10 39 33 45 15 37 17 44 42 19 40 41 13 25 14 18 4 47 12 46 51 27 6 48 23 24 43 7 26 8 31 

--------------------------------------------------------------------------------------------------

Seed Value: 22
Tiempo de Ejecución: 415.828 segundos
Costo del tour: 429.118
Tour encontrado:

31 26 8 22 1 32 11 38 5 37 17 4 18 47 12 46 51 27 6 48 23 7 43 24 14 25 13 41 40 19 42 44 15 45 33 39 10 49 9 30 34 50 16 21 29 2 20 35 36 3 28 31 

--------------------------------------------------------------------------------------------------

Seed Value: 22
Tiempo de Ejecución: 583.609 segundos
Costo del tour: 429.484
Tour encontrado:

31 26 8 48 23 7 43 24 6 27 51 46 12 47 4 18 14 25 13 41 40 19 42 44 17 37 15 45 33 39 10 49 5 38 11 32 1 22 2 16 50 9 30 34 21 29 20 35 36 3 28 31 

--------------------------------------------------------------------------------------------------

Seed Value: 22
Tiempo de Ejecución: 352.453 segundos
Costo del tour: 430.507
Tour encontrado:

31 26 8 22 1 32 11 2 16 50 9 49 38 5 37 17 4 18 47 12 46 51 27 6 48 23 7 43 24 14 25 13 41 40 19 42 44 15 45 33 10 39 30 34 21 29 20 35 36 3 28 31 

--------------------------------------------------------------------------------------------------

Seed Value: 22
Tiempo de Ejecución: 356.531 segundos
Costo del tour: 429.53
Tour encontrado:

31 28 3 36 35 20 29 21 34 30 10 39 33 45 15 44 42 19 40 41 13 25 14 24 43 7 23 48 6 27 51 46 12 47 18 4 17 37 5 38 49 9 50 16 2 11 32 1 22 8 26 31 

--------------------------------------------------------------------------------------------------

Seed Value: 22
Tiempo de Ejecución: 10 segundos
Costo del tour: 435.034
Tour encontrado:

47 4 18 14 25 13 41 40 19 42 44 17 37 15 45 33 39 10 49 38 5 11 32 1 22 2 16 50 9 30 34 21 29 20 35 36 3 28 31 8 26 7 43 24 23 48 6 27 46 51 12 47 

--------------------------------------------------------------------------------------------------

Seed Value: 22
Tiempo de Ejecución: 10 segundos
Costo del tour: 434.438
Tour encontrado:

47 18 4 17 37 5 38 49 9 34 30 10 39 33 45 15 44 42 40 19 41 13 25 14 24 43 7 23 6 27 48 8 26 31 28 3 36 35 20 29 21 50 16 2 22 1 32 11 46 51 12 47 

--------------------------------------------------------------------------------------------------

Seed Value: 22
Tiempo de Ejecución: 10 segundos
Costo del tour: 433.011
Tour encontrado:

47 12 46 51 27 48 6 24 43 23 7 26 8 31 28 3 36 35 20 29 21 16 2 22 1 32 11 38 5 49 9 50 34 30 10 39 33 45 15 37 17 44 42 40 19 41 13 25 14 18 4 47 

--------------------------------------------------------------------------------------------------

Seed Value: 22
Tiempo de Ejecución: 10 segundos
Costo del tour: 433.011
Tour encontrado:

47 12 46 51 27 48 6 24 43 23 7 26 8 31 28 3 36 35 20 29 21 16 2 22 1 32 11 38 5 49 9 50 34 30 10 39 33 45 15 37 17 44 42 40 19 41 13 25 14 18 4 47 

--------------------------------------------------------------------------------------------------

Seed Value: 22
Tiempo de Ejecución: 10 segundos
Costo del tour: 432.589
Tour encontrado:

47 12 46 51 27 6 24 43 7 23 48 8 26 31 28 3 36 35 20 29 21 16 2 22 1 32 11 38 5 49 9 50 34 30 39 10 33 45 15 37 17 44 42 40 19 41 13 25 14 18 4 47 

--------------------------------------------------------------------------------------------------

Seed Value: 22
Tiempo de Ejecución: 10 segundos
Costo del tour: 433.011
Tour encontrado:

47 12 46 51 27 48 6 24 43 23 7 26 8 31 28 3 36 35 20 29 21 16 2 22 1 32 11 38 5 49 9 50 34 30 10 39 33 45 15 37 17 44 42 40 19 41 13 25 14 18 4 47 

--------------------------------------------------------------------------------------------------

Seed Value: 22
Tiempo de Ejecución: 10 segundos
Costo del tour: 435.034
Tour encontrado:

47 4 18 14 25 13 41 40 19 42 44 17 37 15 45 33 39 10 49 38 5 11 32 1 22 2 16 50 9 30 34 21 29 20 35 36 3 28 31 8 26 7 43 24 23 48 6 27 46 51 12 47 

--------------------------------------------------------------------------------------------------

Seed Value: 22
Tiempo de Ejecución: 10 segundos
Costo del tour: 432.819
Tour encontrado:

47 12 51 46 11 32 1 22 2 16 50 9 30 34 21 29 20 35 36 3 28 31 26 8 48 27 6 23 7 43 24 14 25 13 41 19 40 42 44 15 45 33 39 10 49 38 5 37 17 4 18 47 

--------------------------------------------------------------------------------------------------

Seed Value: 22
Tiempo de Ejecución: 10.0156 segundos
Costo del tour: 433.011
Tour encontrado:

47 12 46 51 27 48 6 24 43 23 7 26 8 31 28 3 36 35 20 29 21 16 2 22 1 32 11 38 5 49 9 50 34 30 10 39 33 45 15 37 17 44 42 40 19 41 13 25 14 18 4 47 

--------------------------------------------------------------------------------------------------

Seed Value: 22
Tiempo de Ejecución: 10 segundos
Costo del tour: 433.011
Tour encontrado:

47 12 46 51 27 48 6 24 43 23 7 26 8 31 28 3 36 35 20 29 21 16 2 22 1 32 11 38 5 49 9 50 34 30 10 39 33 45 15 37 17 44 42 40 19 41 13 25 14 18 4 47 

--------------------------------------------------------------------------------------------------

Seed Value: 22
Tiempo de Ejecución: 600 segundos
Costo del tour: 428.872
Tour encontrado:

47 12 46 51 27 6 48 23 7 43 24 14 25 13 41 40 19 42 44 15 45 33 39 10 49 9 30 34 21 50 16 2 29 20 35 36 3 28 31 26 8 22 1 32 11 38 5 37 17 4 18 47 

--------------------------------------------------------------------------------------------------

Seed Value: 22
Tiempo de Ejecución: 600.016 segundos
Costo del tour: 428.982
Tour encontrado:

47 4 18 14 25 13 41 40 19 42 44 17 37 15 45 33 39 10 49 5 38 11 32 1 22 2 16 50 9 30 34 21 29 20 35 36 3 28 31 8 26 7 43 24 23 48 6 27 51 46 12 47 

--------------------------------------------------------------------------------------------------

Seed Value: 22
Tiempo de Ejecución: 600 segundos
Costo del tour: 429.484
Tour encontrado:

47 12 46 51 27 6 24 43 7 23 48 8 26 31 28 3 36 35 20 29 21 34 30 9 50 16 2 22 1 32 11 38 5 49 10 39 33 45 15 37 17 44 42 19 40 41 13 25 14 18 4 47 

--------------------------------------------------------------------------------------------------

Seed Value: 22
Tiempo de Ejecución: 600 segundos
Costo del tour: 428.872
Tour encontrado:

47 12 46 51 27 6 48 23 7 43 24 14 25 13 41 40 19 42 44 15 45 33 39 10 49 9 30 34 21 50 16 2 29 20 35 36 3 28 31 26 8 22 1 32 11 38 5 37 17 4 18 47 

--------------------------------------------------------------------------------------------------

Seed Value: 22
Tiempo de Ejecución: 600 segundos
Costo del tour: 428.982
Tour encontrado:

47 4 18 14 25 13 41 40 19 42 44 17 37 15 45 33 39 10 49 5 38 11 32 1 22 2 16 50 9 30 34 21 29 20 35 36 3 28 31 8 26 7 43 24 23 48 6 27 51 46 12 47 

--------------------------------------------------------------------------------------------------

Seed Value: 22
Tiempo de Ejecución: 600 segundos
Costo del tour: 428.872
Tour encontrado:

47 12 46 51 27 6 48 23 7 43 24 14 25 13 41 40 19 42 44 15 45 33 39 10 49 9 30 34 21 50 16 2 29 20 35 36 3 28 31 26 8 22 1 32 11 38 5 37 17 4 18 47 

--------------------------------------------------------------------------------------------------

Seed Value: 22
Tiempo de Ejecución: 600 segundos
Costo del tour: 428.872
Tour encontrado:

47 18 4 17 37 5 38 11 32 1 22 8 26 31 28 3 36 35 20 29 2 16 50 21 34 30 9 49 10 39 33 45 15 44 42 19 40 41 13 25 14 24 43 7 23 48 6 27 51 46 12 47 

--------------------------------------------------------------------------------------------------

Seed Value: 22
Tiempo de Ejecución: 600 segundos
Costo del tour: 429.737
Tour encontrado:

47 12 46 51 27 6 48 23 7 43 24 14 25 13 41 19 40 42 44 15 45 33 39 10 49 9 30 34 21 50 16 2 29 20 35 36 3 28 31 26 8 22 1 32 11 38 5 37 17 4 18 47 

--------------------------------------------------------------------------------------------------

Seed Value: 22
Tiempo de Ejecución: 600 segundos
Costo del tour: 429.118
Tour encontrado:

47 18 4 17 37 5 38 11 32 1 22 8 26 31 28 3 36 35 20 2 29 21 16 50 34 30 9 49 10 39 33 45 15 44 42 19 40 41 13 25 14 24 43 7 23 48 6 27 51 46 12 47 

--------------------------------------------------------------------------------------------------

Seed Value: 22
Tiempo de Ejecución: 600 segundos
Costo del tour: 430.396
Tour encontrado:

47 12 46 51 27 6 48 23 7 43 24 14 25 13 41 19 40 42 44 15 45 33 39 10 30 34 21 29 20 35 36 3 28 31 26 8 22 1 32 11 2 16 50 9 49 38 5 37 17 4 18 47 

--------------------------------------------------------------------------------------------------

Seed Value: 22
Tiempo de Ejecución: 600 segundos
Costo del tour: 429.53
Tour encontrado:

47 12 46 51 27 6 48 23 7 43 24 14 25 13 41 40 19 42 44 15 45 33 39 10 30 34 21 29 20 35 36 3 28 31 26 8 22 1 32 11 2 16 50 9 49 38 5 37 17 4 18 47 

--------------------------------------------------------------------------------------------------

Seed Value: 22
Tiempo de Ejecución: 600 segundos
Costo del tour: 428.872
Tour encontrado:

47 18 4 17 37 5 38 11 32 1 22 8 26 31 28 3 36 35 20 29 2 16 50 21 34 30 9 49 10 39 33 45 15 44 42 19 40 41 13 25 14 24 43 7 23 48 6 27 51 46 12 47 

--------------------------------------------------------------------------------------------------

Seed Value: 22
Tiempo de Ejecución: 600 segundos
Costo del tour: 429.484
Tour encontrado:

47 4 18 14 25 13 41 40 19 42 44 17 37 15 45 33 39 10 49 5 38 11 32 1 22 2 16 50 9 30 34 21 29 20 35 36 3 28 31 26 8 48 23 7 43 24 6 27 51 46 12 47 

--------------------------------------------------------------------------------------------------

Seed Value: 22
Tiempo de Ejecución: 600 segundos
Costo del tour: 429.484
Tour encontrado:

47 12 46 51 27 6 24 43 7 23 48 8 26 31 28 3 36 35 20 29 21 34 30 9 50 16 2 22 1 32 11 38 5 49 10 39 33 45 15 37 17 44 42 19 40 41 13 25 14 18 4 47 

--------------------------------------------------------------------------------------------------

Seed Value: 22
Tiempo de Ejecución: 600 segundos
Costo del tour: 429.53
Tour encontrado:

47 12 46 51 27 6 48 23 7 43 24 14 25 13 41 40 19 42 44 15 45 33 39 10 30 34 21 29 20 35 36 3 28 31 26 8 22 1 32 11 2 16 50 9 49 38 5 37 17 4 18 47 

--------------------------------------------------------------------------------------------------

Seed Value: 22
Tiempo de Ejecución: 7200.02 segundos
Costo del tour: 428.872
Tour encontrado:

47 18 4 17 37 5 38 11 32 1 22 8 26 31 28 3 36 35 20 29 2 16 50 21 34 30 9 49 10 39 33 45 15 44 42 19 40 41 13 25 14 24 43 7 23 48 6 27 51 46 12 47 

--------------------------------------------------------------------------------------------------

Seed Value: 22
Tiempo de Ejecución: 10 segundos
Costo del tour: 433.758
Tour encontrado:

47 46 51 27 6 24 43 7 23 48 8 26 31 28 3 36 35 20 29 21 16 2 22 1 32 11 38 5 49 9 50 34 30 10 39 33 45 15 44 42 19 40 41 13 25 14 18 4 17 37 12 47 

--------------------------------------------------------------------------------------------------

