Seed Value: 2222
Tiempo de Ejecución: 60.0312 segundos
Costo del tour: 21395.4
Tour encontrado:

73 50 44 2 54 40 64 69 81 25 87 51 61 58 67 28 93 47 1 63 90 49 6 92 8 42 89 31 80 56 97 75 19 4 65 26 66 70 22 94 16 88 53 79 18 24 38 99 36 84 10 72 21 74 59 17 15 11 32 45 91 98 23 77 60 62 35 86 27 12 20 57 9 7 55 83 34 29 46 43 3 14 71 41 100 48 30 96 78 52 5 37 33 76 13 95 82 39 85 68 73 

--------------------------------------------------------------------------------------------------

Seed Value: 2222
Tiempo de Ejecución: 60.0312 segundos
Costo del tour: 21395.4
Tour encontrado:

73 50 44 2 54 40 64 69 81 25 87 51 61 58 67 28 93 47 1 63 90 49 6 92 8 42 89 31 80 56 97 75 19 4 65 26 66 70 22 94 16 88 53 79 18 24 38 99 36 84 10 72 21 74 59 17 15 11 32 45 91 98 23 77 60 62 35 86 27 12 20 57 9 7 55 83 34 29 46 43 3 14 71 41 100 48 30 96 78 52 5 37 33 76 13 95 82 39 85 68 73 

--------------------------------------------------------------------------------------------------

Seed Value: 2222
Tiempo de Ejecución: 60.125 segundos
Costo del tour: 21395.4
Tour encontrado:

73 50 44 2 54 40 64 69 81 25 87 51 61 58 67 28 93 47 1 63 90 49 6 92 8 42 89 31 80 56 97 75 19 4 65 26 66 70 22 94 16 88 53 79 18 24 38 99 36 84 10 72 21 74 59 17 15 11 32 45 91 98 23 77 60 62 35 86 27 12 20 57 9 7 55 83 34 29 46 43 3 14 71 41 100 48 30 96 78 52 5 37 33 76 13 95 82 39 85 68 73 

--------------------------------------------------------------------------------------------------

Seed Value: 2222
Tiempo de Ejecución: 60.0469 segundos
Costo del tour: 21395.4
Tour encontrado:

73 50 44 2 54 40 64 69 81 25 87 51 61 58 67 28 93 47 1 63 90 49 6 92 8 42 89 31 80 56 97 75 19 4 65 26 66 70 22 94 16 88 53 79 18 24 38 99 36 84 10 72 21 74 59 17 15 11 32 45 91 98 23 77 60 62 35 86 27 12 20 57 9 7 55 83 34 29 46 43 3 14 71 41 100 48 30 96 78 52 5 37 33 76 13 95 82 39 85 68 73 

--------------------------------------------------------------------------------------------------

Seed Value: 2222
Tiempo de Ejecución: 60.0625 segundos
Costo del tour: 21395.4
Tour encontrado:

73 50 44 2 54 40 64 69 81 25 87 51 61 58 67 28 93 47 1 63 90 49 6 92 8 42 89 31 80 56 97 75 19 4 65 26 66 70 22 94 16 88 53 79 18 24 38 99 36 84 10 72 21 74 59 17 15 11 32 45 91 98 23 77 60 62 35 86 27 12 20 57 9 7 55 83 34 29 46 43 3 14 71 41 100 48 30 96 78 52 5 37 33 76 13 95 82 39 85 68 73 

--------------------------------------------------------------------------------------------------

Seed Value: 2222
Tiempo de Ejecución: 60.0781 segundos
Costo del tour: 21395.4
Tour encontrado:

73 50 44 2 54 40 64 69 81 25 87 51 61 58 67 28 93 47 1 63 90 49 6 92 8 42 89 31 80 56 97 75 19 4 65 26 66 70 22 94 16 88 53 79 18 24 38 99 36 84 10 72 21 74 59 17 15 11 32 45 91 98 23 77 60 62 35 86 27 12 20 57 9 7 55 83 34 29 46 43 3 14 71 41 100 48 30 96 78 52 5 37 33 76 13 95 82 39 85 68 73 

--------------------------------------------------------------------------------------------------

Seed Value: 2222
Tiempo de Ejecución: 60.125 segundos
Costo del tour: 21395.4
Tour encontrado:

73 50 44 2 54 40 64 69 81 25 87 51 61 58 67 28 93 47 1 63 90 49 6 92 8 42 89 31 80 56 97 75 19 4 65 26 66 70 22 94 16 88 53 79 18 24 38 99 36 84 10 72 21 74 59 17 15 11 32 45 91 98 23 77 60 62 35 86 27 12 20 57 9 7 55 83 34 29 46 43 3 14 71 41 100 48 30 96 78 52 5 37 33 76 13 95 82 39 85 68 73 

--------------------------------------------------------------------------------------------------

Seed Value: 2222
Tiempo de Ejecución: 60.0469 segundos
Costo del tour: 21395.4
Tour encontrado:

73 50 44 2 54 40 64 69 81 25 87 51 61 58 67 28 93 47 1 63 90 49 6 92 8 42 89 31 80 56 97 75 19 4 65 26 66 70 22 94 16 88 53 79 18 24 38 99 36 84 10 72 21 74 59 17 15 11 32 45 91 98 23 77 60 62 35 86 27 12 20 57 9 7 55 83 34 29 46 43 3 14 71 41 100 48 30 96 78 52 5 37 33 76 13 95 82 39 85 68 73 

--------------------------------------------------------------------------------------------------

Seed Value: 2222
Tiempo de Ejecución: 60.0156 segundos
Costo del tour: 21395.4
Tour encontrado:

73 50 44 2 54 40 64 69 81 25 87 51 61 58 67 28 93 47 1 63 90 49 6 92 8 42 89 31 80 56 97 75 19 4 65 26 66 70 22 94 16 88 53 79 18 24 38 99 36 84 10 72 21 74 59 17 15 11 32 45 91 98 23 77 60 62 35 86 27 12 20 57 9 7 55 83 34 29 46 43 3 14 71 41 100 48 30 96 78 52 5 37 33 76 13 95 82 39 85 68 73 

--------------------------------------------------------------------------------------------------

Seed Value: 2222
Tiempo de Ejecución: 60 segundos
Costo del tour: 21395.4
Tour encontrado:

73 50 44 2 54 40 64 69 81 25 87 51 61 58 67 28 93 47 1 63 90 49 6 92 8 42 89 31 80 56 97 75 19 4 65 26 66 70 22 94 16 88 53 79 18 24 38 99 36 84 10 72 21 74 59 17 15 11 32 45 91 98 23 77 60 62 35 86 27 12 20 57 9 7 55 83 34 29 46 43 3 14 71 41 100 48 30 96 78 52 5 37 33 76 13 95 82 39 85 68 73 

--------------------------------------------------------------------------------------------------

Seed Value: 2222
Tiempo de Ejecución: 180.094 segundos
Costo del tour: 21395.4
Tour encontrado:

73 50 44 2 54 40 64 69 81 25 87 51 61 58 67 28 93 47 1 63 90 49 6 92 8 42 89 31 80 56 97 75 19 4 65 26 66 70 22 94 16 88 53 79 18 24 38 99 36 84 10 72 21 74 59 17 15 11 32 45 91 98 23 77 60 62 35 86 27 12 20 57 9 7 55 83 34 29 46 43 3 14 71 41 100 48 30 96 78 52 5 37 33 76 13 95 82 39 85 68 73 

--------------------------------------------------------------------------------------------------

Seed Value: 2222
Tiempo de Ejecución: 180.016 segundos
Costo del tour: 21395.4
Tour encontrado:

73 50 44 2 54 40 64 69 81 25 87 51 61 58 67 28 93 47 1 63 90 49 6 92 8 42 89 31 80 56 97 75 19 4 65 26 66 70 22 94 16 88 53 79 18 24 38 99 36 84 10 72 21 74 59 17 15 11 32 45 91 98 23 77 60 62 35 86 27 12 20 57 9 7 55 83 34 29 46 43 3 14 71 41 100 48 30 96 78 52 5 37 33 76 13 95 82 39 85 68 73 

--------------------------------------------------------------------------------------------------

Seed Value: 2222
Tiempo de Ejecución: 180 segundos
Costo del tour: 21395.4
Tour encontrado:

73 50 44 2 54 40 64 69 81 25 87 51 61 58 67 28 93 47 1 63 90 49 6 92 8 42 89 31 80 56 97 75 19 4 65 26 66 70 22 94 16 88 53 79 18 24 38 99 36 84 10 72 21 74 59 17 15 11 32 45 91 98 23 77 60 62 35 86 27 12 20 57 9 7 55 83 34 29 46 43 3 14 71 41 100 48 30 96 78 52 5 37 33 76 13 95 82 39 85 68 73 

--------------------------------------------------------------------------------------------------

Seed Value: 2222
Tiempo de Ejecución: 180.094 segundos
Costo del tour: 21395.4
Tour encontrado:

73 50 44 2 54 40 64 69 81 25 87 51 61 58 67 28 93 47 1 63 90 49 6 92 8 42 89 31 80 56 97 75 19 4 65 26 66 70 22 94 16 88 53 79 18 24 38 99 36 84 10 72 21 74 59 17 15 11 32 45 91 98 23 77 60 62 35 86 27 12 20 57 9 7 55 83 34 29 46 43 3 14 71 41 100 48 30 96 78 52 5 37 33 76 13 95 82 39 85 68 73 

--------------------------------------------------------------------------------------------------

Seed Value: 2222
Tiempo de Ejecución: 180.047 segundos
Costo del tour: 21395.4
Tour encontrado:

73 50 44 2 54 40 64 69 81 25 87 51 61 58 67 28 93 47 1 63 90 49 6 92 8 42 89 31 80 56 97 75 19 4 65 26 66 70 22 94 16 88 53 79 18 24 38 99 36 84 10 72 21 74 59 17 15 11 32 45 91 98 23 77 60 62 35 86 27 12 20 57 9 7 55 83 34 29 46 43 3 14 71 41 100 48 30 96 78 52 5 37 33 76 13 95 82 39 85 68 73 

--------------------------------------------------------------------------------------------------

Seed Value: 2222
Tiempo de Ejecución: 180.062 segundos
Costo del tour: 21395.4
Tour encontrado:

73 50 44 2 54 40 64 69 81 25 87 51 61 58 67 28 93 47 1 63 90 49 6 92 8 42 89 31 80 56 97 75 19 4 65 26 66 70 22 94 16 88 53 79 18 24 38 99 36 84 10 72 21 74 59 17 15 11 32 45 91 98 23 77 60 62 35 86 27 12 20 57 9 7 55 83 34 29 46 43 3 14 71 41 100 48 30 96 78 52 5 37 33 76 13 95 82 39 85 68 73 

--------------------------------------------------------------------------------------------------

Seed Value: 2222
Tiempo de Ejecución: 180.078 segundos
Costo del tour: 21395.4
Tour encontrado:

73 50 44 2 54 40 64 69 81 25 87 51 61 58 67 28 93 47 1 63 90 49 6 92 8 42 89 31 80 56 97 75 19 4 65 26 66 70 22 94 16 88 53 79 18 24 38 99 36 84 10 72 21 74 59 17 15 11 32 45 91 98 23 77 60 62 35 86 27 12 20 57 9 7 55 83 34 29 46 43 3 14 71 41 100 48 30 96 78 52 5 37 33 76 13 95 82 39 85 68 73 

--------------------------------------------------------------------------------------------------

Seed Value: 2222
Tiempo de Ejecución: 180.016 segundos
Costo del tour: 21395.4
Tour encontrado:

73 50 44 2 54 40 64 69 81 25 87 51 61 58 67 28 93 47 1 63 90 49 6 92 8 42 89 31 80 56 97 75 19 4 65 26 66 70 22 94 16 88 53 79 18 24 38 99 36 84 10 72 21 74 59 17 15 11 32 45 91 98 23 77 60 62 35 86 27 12 20 57 9 7 55 83 34 29 46 43 3 14 71 41 100 48 30 96 78 52 5 37 33 76 13 95 82 39 85 68 73 

--------------------------------------------------------------------------------------------------

Seed Value: 2222
Tiempo de Ejecución: 180.031 segundos
Costo del tour: 21395.4
Tour encontrado:

73 50 44 2 54 40 64 69 81 25 87 51 61 58 67 28 93 47 1 63 90 49 6 92 8 42 89 31 80 56 97 75 19 4 65 26 66 70 22 94 16 88 53 79 18 24 38 99 36 84 10 72 21 74 59 17 15 11 32 45 91 98 23 77 60 62 35 86 27 12 20 57 9 7 55 83 34 29 46 43 3 14 71 41 100 48 30 96 78 52 5 37 33 76 13 95 82 39 85 68 73 

--------------------------------------------------------------------------------------------------

Seed Value: 2222
Tiempo de Ejecución: 180.078 segundos
Costo del tour: 21395.4
Tour encontrado:

73 50 44 2 54 40 64 69 81 25 87 51 61 58 67 28 93 47 1 63 90 49 6 92 8 42 89 31 80 56 97 75 19 4 65 26 66 70 22 94 16 88 53 79 18 24 38 99 36 84 10 72 21 74 59 17 15 11 32 45 91 98 23 77 60 62 35 86 27 12 20 57 9 7 55 83 34 29 46 43 3 14 71 41 100 48 30 96 78 52 5 37 33 76 13 95 82 39 85 68 73 

--------------------------------------------------------------------------------------------------

Seed Value: 2222
Tiempo de Ejecución: 180.047 segundos
Costo del tour: 21395.4
Tour encontrado:

73 50 44 2 54 40 64 69 81 25 87 51 61 58 67 28 93 47 1 63 90 49 6 92 8 42 89 31 80 56 97 75 19 4 65 26 66 70 22 94 16 88 53 79 18 24 38 99 36 84 10 72 21 74 59 17 15 11 32 45 91 98 23 77 60 62 35 86 27 12 20 57 9 7 55 83 34 29 46 43 3 14 71 41 100 48 30 96 78 52 5 37 33 76 13 95 82 39 85 68 73 

--------------------------------------------------------------------------------------------------

Seed Value: 2222
Tiempo de Ejecución: 180.109 segundos
Costo del tour: 21395.4
Tour encontrado:

73 50 44 2 54 40 64 69 81 25 87 51 61 58 67 28 93 47 1 63 90 49 6 92 8 42 89 31 80 56 97 75 19 4 65 26 66 70 22 94 16 88 53 79 18 24 38 99 36 84 10 72 21 74 59 17 15 11 32 45 91 98 23 77 60 62 35 86 27 12 20 57 9 7 55 83 34 29 46 43 3 14 71 41 100 48 30 96 78 52 5 37 33 76 13 95 82 39 85 68 73 

--------------------------------------------------------------------------------------------------

Seed Value: 2222
Tiempo de Ejecución: 180.047 segundos
Costo del tour: 21395.4
Tour encontrado:

73 50 44 2 54 40 64 69 81 25 87 51 61 58 67 28 93 47 1 63 90 49 6 92 8 42 89 31 80 56 97 75 19 4 65 26 66 70 22 94 16 88 53 79 18 24 38 99 36 84 10 72 21 74 59 17 15 11 32 45 91 98 23 77 60 62 35 86 27 12 20 57 9 7 55 83 34 29 46 43 3 14 71 41 100 48 30 96 78 52 5 37 33 76 13 95 82 39 85 68 73 

--------------------------------------------------------------------------------------------------

Seed Value: 2222
Tiempo de Ejecución: 180.109 segundos
Costo del tour: 21395.4
Tour encontrado:

73 50 44 2 54 40 64 69 81 25 87 51 61 58 67 28 93 47 1 63 90 49 6 92 8 42 89 31 80 56 97 75 19 4 65 26 66 70 22 94 16 88 53 79 18 24 38 99 36 84 10 72 21 74 59 17 15 11 32 45 91 98 23 77 60 62 35 86 27 12 20 57 9 7 55 83 34 29 46 43 3 14 71 41 100 48 30 96 78 52 5 37 33 76 13 95 82 39 85 68 73 

--------------------------------------------------------------------------------------------------

Seed Value: 2222
Tiempo de Ejecución: 180.109 segundos
Costo del tour: 21395.4
Tour encontrado:

73 50 44 2 54 40 64 69 81 25 87 51 61 58 67 28 93 47 1 63 90 49 6 92 8 42 89 31 80 56 97 75 19 4 65 26 66 70 22 94 16 88 53 79 18 24 38 99 36 84 10 72 21 74 59 17 15 11 32 45 91 98 23 77 60 62 35 86 27 12 20 57 9 7 55 83 34 29 46 43 3 14 71 41 100 48 30 96 78 52 5 37 33 76 13 95 82 39 85 68 73 

--------------------------------------------------------------------------------------------------

Seed Value: 2222
Tiempo de Ejecución: 300.109 segundos
Costo del tour: 21395.4
Tour encontrado:

73 50 44 2 54 40 64 69 81 25 87 51 61 58 67 28 93 47 1 63 90 49 6 92 8 42 89 31 80 56 97 75 19 4 65 26 66 70 22 94 16 88 53 79 18 24 38 99 36 84 10 72 21 74 59 17 15 11 32 45 91 98 23 77 60 62 35 86 27 12 20 57 9 7 55 83 34 29 46 43 3 14 71 41 100 48 30 96 78 52 5 37 33 76 13 95 82 39 85 68 73 

--------------------------------------------------------------------------------------------------

Seed Value: 2222
Tiempo de Ejecución: 300.094 segundos
Costo del tour: 21395.4
Tour encontrado:

73 50 44 2 54 40 64 69 81 25 87 51 61 58 67 28 93 47 1 63 90 49 6 92 8 42 89 31 80 56 97 75 19 4 65 26 66 70 22 94 16 88 53 79 18 24 38 99 36 84 10 72 21 74 59 17 15 11 32 45 91 98 23 77 60 62 35 86 27 12 20 57 9 7 55 83 34 29 46 43 3 14 71 41 100 48 30 96 78 52 5 37 33 76 13 95 82 39 85 68 73 

--------------------------------------------------------------------------------------------------

Seed Value: 2222
Tiempo de Ejecución: 300.172 segundos
Costo del tour: 21395.4
Tour encontrado:

73 50 44 2 54 40 64 69 81 25 87 51 61 58 67 28 93 47 1 63 90 49 6 92 8 42 89 31 80 56 97 75 19 4 65 26 66 70 22 94 16 88 53 79 18 24 38 99 36 84 10 72 21 74 59 17 15 11 32 45 91 98 23 77 60 62 35 86 27 12 20 57 9 7 55 83 34 29 46 43 3 14 71 41 100 48 30 96 78 52 5 37 33 76 13 95 82 39 85 68 73 

--------------------------------------------------------------------------------------------------

Seed Value: 2222
Tiempo de Ejecución: 300.031 segundos
Costo del tour: 21395.4
Tour encontrado:

73 50 44 2 54 40 64 69 81 25 87 51 61 58 67 28 93 47 1 63 90 49 6 92 8 42 89 31 80 56 97 75 19 4 65 26 66 70 22 94 16 88 53 79 18 24 38 99 36 84 10 72 21 74 59 17 15 11 32 45 91 98 23 77 60 62 35 86 27 12 20 57 9 7 55 83 34 29 46 43 3 14 71 41 100 48 30 96 78 52 5 37 33 76 13 95 82 39 85 68 73 

--------------------------------------------------------------------------------------------------

Seed Value: 2222
Tiempo de Ejecución: 300.031 segundos
Costo del tour: 21395.4
Tour encontrado:

73 50 44 2 54 40 64 69 81 25 87 51 61 58 67 28 93 47 1 63 90 49 6 92 8 42 89 31 80 56 97 75 19 4 65 26 66 70 22 94 16 88 53 79 18 24 38 99 36 84 10 72 21 74 59 17 15 11 32 45 91 98 23 77 60 62 35 86 27 12 20 57 9 7 55 83 34 29 46 43 3 14 71 41 100 48 30 96 78 52 5 37 33 76 13 95 82 39 85 68 73 

--------------------------------------------------------------------------------------------------

Seed Value: 2222
Tiempo de Ejecución: 300.094 segundos
Costo del tour: 21395.4
Tour encontrado:

73 50 44 2 54 40 64 69 81 25 87 51 61 58 67 28 93 47 1 63 90 49 6 92 8 42 89 31 80 56 97 75 19 4 65 26 66 70 22 94 16 88 53 79 18 24 38 99 36 84 10 72 21 74 59 17 15 11 32 45 91 98 23 77 60 62 35 86 27 12 20 57 9 7 55 83 34 29 46 43 3 14 71 41 100 48 30 96 78 52 5 37 33 76 13 95 82 39 85 68 73 

--------------------------------------------------------------------------------------------------

Seed Value: 2222
Tiempo de Ejecución: 300.172 segundos
Costo del tour: 21395.4
Tour encontrado:

73 50 44 2 54 40 64 69 81 25 87 51 61 58 67 28 93 47 1 63 90 49 6 92 8 42 89 31 80 56 97 75 19 4 65 26 66 70 22 94 16 88 53 79 18 24 38 99 36 84 10 72 21 74 59 17 15 11 32 45 91 98 23 77 60 62 35 86 27 12 20 57 9 7 55 83 34 29 46 43 3 14 71 41 100 48 30 96 78 52 5 37 33 76 13 95 82 39 85 68 73 

--------------------------------------------------------------------------------------------------

Seed Value: 2222
Tiempo de Ejecución: 300.141 segundos
Costo del tour: 21395.4
Tour encontrado:

73 50 44 2 54 40 64 69 81 25 87 51 61 58 67 28 93 47 1 63 90 49 6 92 8 42 89 31 80 56 97 75 19 4 65 26 66 70 22 94 16 88 53 79 18 24 38 99 36 84 10 72 21 74 59 17 15 11 32 45 91 98 23 77 60 62 35 86 27 12 20 57 9 7 55 83 34 29 46 43 3 14 71 41 100 48 30 96 78 52 5 37 33 76 13 95 82 39 85 68 73 

--------------------------------------------------------------------------------------------------

Seed Value: 2222
Tiempo de Ejecución: 300.109 segundos
Costo del tour: 21395.4
Tour encontrado:

73 50 44 2 54 40 64 69 81 25 87 51 61 58 67 28 93 47 1 63 90 49 6 92 8 42 89 31 80 56 97 75 19 4 65 26 66 70 22 94 16 88 53 79 18 24 38 99 36 84 10 72 21 74 59 17 15 11 32 45 91 98 23 77 60 62 35 86 27 12 20 57 9 7 55 83 34 29 46 43 3 14 71 41 100 48 30 96 78 52 5 37 33 76 13 95 82 39 85 68 73 

--------------------------------------------------------------------------------------------------

Seed Value: 2222
Tiempo de Ejecución: 300.141 segundos
Costo del tour: 21395.4
Tour encontrado:

73 50 44 2 54 40 64 69 81 25 87 51 61 58 67 28 93 47 1 63 90 49 6 92 8 42 89 31 80 56 97 75 19 4 65 26 66 70 22 94 16 88 53 79 18 24 38 99 36 84 10 72 21 74 59 17 15 11 32 45 91 98 23 77 60 62 35 86 27 12 20 57 9 7 55 83 34 29 46 43 3 14 71 41 100 48 30 96 78 52 5 37 33 76 13 95 82 39 85 68 73 

--------------------------------------------------------------------------------------------------

Seed Value: 2222
Tiempo de Ejecución: 300.125 segundos
Costo del tour: 21395.4
Tour encontrado:

73 50 44 2 54 40 64 69 81 25 87 51 61 58 67 28 93 47 1 63 90 49 6 92 8 42 89 31 80 56 97 75 19 4 65 26 66 70 22 94 16 88 53 79 18 24 38 99 36 84 10 72 21 74 59 17 15 11 32 45 91 98 23 77 60 62 35 86 27 12 20 57 9 7 55 83 34 29 46 43 3 14 71 41 100 48 30 96 78 52 5 37 33 76 13 95 82 39 85 68 73 

--------------------------------------------------------------------------------------------------

Seed Value: 2222
Tiempo de Ejecución: 300.078 segundos
Costo del tour: 21395.4
Tour encontrado:

73 50 44 2 54 40 64 69 81 25 87 51 61 58 67 28 93 47 1 63 90 49 6 92 8 42 89 31 80 56 97 75 19 4 65 26 66 70 22 94 16 88 53 79 18 24 38 99 36 84 10 72 21 74 59 17 15 11 32 45 91 98 23 77 60 62 35 86 27 12 20 57 9 7 55 83 34 29 46 43 3 14 71 41 100 48 30 96 78 52 5 37 33 76 13 95 82 39 85 68 73 

--------------------------------------------------------------------------------------------------

Seed Value: 2222
Tiempo de Ejecución: 300.109 segundos
Costo del tour: 21395.4
Tour encontrado:

73 50 44 2 54 40 64 69 81 25 87 51 61 58 67 28 93 47 1 63 90 49 6 92 8 42 89 31 80 56 97 75 19 4 65 26 66 70 22 94 16 88 53 79 18 24 38 99 36 84 10 72 21 74 59 17 15 11 32 45 91 98 23 77 60 62 35 86 27 12 20 57 9 7 55 83 34 29 46 43 3 14 71 41 100 48 30 96 78 52 5 37 33 76 13 95 82 39 85 68 73 

--------------------------------------------------------------------------------------------------

Seed Value: 2222
Tiempo de Ejecución: 300.203 segundos
Costo del tour: 21371.5
Tour encontrado:

73 50 44 2 54 40 64 69 81 25 87 51 61 58 67 28 93 47 1 63 6 49 90 19 75 92 8 42 89 31 80 56 97 4 65 26 66 70 22 94 16 88 53 79 18 24 38 99 36 84 10 72 21 74 59 17 15 11 32 45 91 98 23 77 60 62 35 86 27 12 20 57 9 7 55 83 34 29 46 43 3 14 41 71 100 48 30 39 96 52 78 5 37 33 13 76 95 82 85 68 73 

--------------------------------------------------------------------------------------------------

Seed Value: 2222
Tiempo de Ejecución: 300.109 segundos
Costo del tour: 21395.4
Tour encontrado:

73 50 44 2 54 40 64 69 81 25 87 51 61 58 67 28 93 47 1 63 90 49 6 92 8 42 89 31 80 56 97 75 19 4 65 26 66 70 22 94 16 88 53 79 18 24 38 99 36 84 10 72 21 74 59 17 15 11 32 45 91 98 23 77 60 62 35 86 27 12 20 57 9 7 55 83 34 29 46 43 3 14 71 41 100 48 30 96 78 52 5 37 33 76 13 95 82 39 85 68 73 

--------------------------------------------------------------------------------------------------

Seed Value: 2222
Tiempo de Ejecución: 300.125 segundos
Costo del tour: 21395.4
Tour encontrado:

73 50 44 2 54 40 64 69 81 25 87 51 61 58 67 28 93 47 1 63 90 49 6 92 8 42 89 31 80 56 97 75 19 4 65 26 66 70 22 94 16 88 53 79 18 24 38 99 36 84 10 72 21 74 59 17 15 11 32 45 91 98 23 77 60 62 35 86 27 12 20 57 9 7 55 83 34 29 46 43 3 14 71 41 100 48 30 96 78 52 5 37 33 76 13 95 82 39 85 68 73 

--------------------------------------------------------------------------------------------------

Seed Value: 2222
Tiempo de Ejecución: 300.062 segundos
Costo del tour: 21395.4
Tour encontrado:

73 50 44 2 54 40 64 69 81 25 87 51 61 58 67 28 93 47 1 63 90 49 6 92 8 42 89 31 80 56 97 75 19 4 65 26 66 70 22 94 16 88 53 79 18 24 38 99 36 84 10 72 21 74 59 17 15 11 32 45 91 98 23 77 60 62 35 86 27 12 20 57 9 7 55 83 34 29 46 43 3 14 71 41 100 48 30 96 78 52 5 37 33 76 13 95 82 39 85 68 73 

--------------------------------------------------------------------------------------------------

Seed Value: 2222
Tiempo de Ejecución: 300.109 segundos
Costo del tour: 21395.4
Tour encontrado:

73 50 44 2 54 40 64 69 81 25 87 51 61 58 67 28 93 47 1 63 90 49 6 92 8 42 89 31 80 56 97 75 19 4 65 26 66 70 22 94 16 88 53 79 18 24 38 99 36 84 10 72 21 74 59 17 15 11 32 45 91 98 23 77 60 62 35 86 27 12 20 57 9 7 55 83 34 29 46 43 3 14 71 41 100 48 30 96 78 52 5 37 33 76 13 95 82 39 85 68 73 

--------------------------------------------------------------------------------------------------

Seed Value: 2222
Tiempo de Ejecución: 300.031 segundos
Costo del tour: 21395.4
Tour encontrado:

73 50 44 2 54 40 64 69 81 25 87 51 61 58 67 28 93 47 1 63 90 49 6 92 8 42 89 31 80 56 97 75 19 4 65 26 66 70 22 94 16 88 53 79 18 24 38 99 36 84 10 72 21 74 59 17 15 11 32 45 91 98 23 77 60 62 35 86 27 12 20 57 9 7 55 83 34 29 46 43 3 14 71 41 100 48 30 96 78 52 5 37 33 76 13 95 82 39 85 68 73 

--------------------------------------------------------------------------------------------------

Seed Value: 2222
Tiempo de Ejecución: 300.031 segundos
Costo del tour: 21395.4
Tour encontrado:

73 50 44 2 54 40 64 69 81 25 87 51 61 58 67 28 93 47 1 63 90 49 6 92 8 42 89 31 80 56 97 75 19 4 65 26 66 70 22 94 16 88 53 79 18 24 38 99 36 84 10 72 21 74 59 17 15 11 32 45 91 98 23 77 60 62 35 86 27 12 20 57 9 7 55 83 34 29 46 43 3 14 71 41 100 48 30 96 78 52 5 37 33 76 13 95 82 39 85 68 73 

--------------------------------------------------------------------------------------------------

Seed Value: 22
Tiempo de Ejecución: 600 segundos
Costo del tour: 22504.6
Tour encontrado:

71 41 43 83 55 12 20 27 86 35 62 60 77 23 98 91 45 32 11 15 17 59 74 21 72 10 90 49 6 75 19 53 79 84 36 99 38 24 18 94 88 16 22 70 66 26 65 4 97 56 80 31 89 42 8 92 1 63 47 93 28 67 58 69 73 50 44 64 40 54 2 82 95 13 76 33 37 5 52 78 96 30 39 85 68 81 25 61 51 87 57 9 7 34 29 46 3 14 48 100 71 

--------------------------------------------------------------------------------------------------

Seed Value: 22
Tiempo de Ejecución: 600.141 segundos
Costo del tour: 22602
Tour encontrado:

71 41 43 83 55 12 20 27 86 35 62 60 77 23 98 91 45 32 11 15 17 59 74 21 72 84 10 90 49 6 75 19 53 79 18 24 38 36 99 94 88 16 22 70 66 26 65 4 97 56 80 31 89 42 8 92 1 63 47 93 28 67 58 69 73 50 44 64 40 54 2 82 95 13 76 33 37 5 52 78 96 30 39 85 68 81 25 61 51 87 57 9 7 34 29 46 3 14 48 100 71 

--------------------------------------------------------------------------------------------------

Seed Value: 22
Tiempo de Ejecución: 600.062 segundos
Costo del tour: 22479.9
Tour encontrado:

71 41 3 43 46 83 55 12 20 27 86 35 62 60 77 23 98 91 45 32 11 15 17 59 74 21 72 10 90 49 6 75 19 53 79 84 36 99 38 24 18 94 88 16 22 70 66 26 65 4 97 56 80 31 89 42 8 92 1 63 47 93 28 67 58 69 73 50 44 64 40 54 2 82 95 13 76 33 37 5 52 78 96 30 39 85 68 81 25 61 51 87 57 9 7 34 29 14 48 100 71 

--------------------------------------------------------------------------------------------------

Seed Value: 22
Tiempo de Ejecución: 600.156 segundos
Costo del tour: 22479.9
Tour encontrado:

71 41 3 43 46 83 55 12 20 27 86 35 62 60 77 23 98 91 45 32 11 15 17 59 74 21 72 10 90 49 6 75 19 53 79 84 36 99 38 24 18 94 88 16 22 70 66 26 65 4 97 56 80 31 89 42 8 92 1 63 47 93 28 67 58 69 73 50 44 64 40 54 2 82 95 13 76 33 37 5 52 78 96 30 39 85 68 81 25 61 51 87 57 9 7 34 29 14 48 100 71 

--------------------------------------------------------------------------------------------------

Seed Value: 22
Tiempo de Ejecución: 600.125 segundos
Costo del tour: 22479.9
Tour encontrado:

71 41 3 43 46 83 55 12 20 27 86 35 62 60 77 23 98 91 45 32 11 15 17 59 74 21 72 10 90 49 6 75 19 53 79 84 36 99 38 24 18 94 88 16 22 70 66 26 65 4 97 56 80 31 89 42 8 92 1 63 47 93 28 67 58 69 73 50 44 64 40 54 2 82 95 13 76 33 37 5 52 78 96 30 39 85 68 81 25 61 51 87 57 9 7 34 29 14 48 100 71 

--------------------------------------------------------------------------------------------------

Seed Value: 22
Tiempo de Ejecución: 600 segundos
Costo del tour: 22479.9
Tour encontrado:

71 41 3 43 46 83 55 12 20 27 86 35 62 60 77 23 98 91 45 32 11 15 17 59 74 21 72 10 90 49 6 75 19 53 79 84 36 99 38 24 18 94 88 16 22 70 66 26 65 4 97 56 80 31 89 42 8 92 1 63 47 93 28 67 58 69 73 50 44 64 40 54 2 82 95 13 76 33 37 5 52 78 96 30 39 85 68 81 25 61 51 87 57 9 7 34 29 14 48 100 71 

--------------------------------------------------------------------------------------------------

Seed Value: 22
Tiempo de Ejecución: 600.031 segundos
Costo del tour: 21663.4
Tour encontrado:

71 41 14 3 43 46 29 30 39 85 68 81 25 61 51 87 57 9 7 34 83 55 12 20 86 27 35 62 60 77 23 98 91 45 32 11 15 17 59 74 21 72 10 84 36 99 38 24 18 79 53 88 16 94 22 70 66 26 65 4 97 56 80 31 89 42 8 92 75 19 90 49 6 63 47 1 28 93 67 58 69 64 40 54 2 44 73 50 82 95 13 76 33 37 5 96 78 52 48 100 71 

--------------------------------------------------------------------------------------------------

Seed Value: 22
Tiempo de Ejecución: 600 segundos
Costo del tour: 21681.8
Tour encontrado:

71 41 14 3 43 46 29 30 39 85 68 81 25 61 51 87 57 7 9 34 55 83 12 20 27 86 35 62 60 77 23 98 91 45 32 11 15 17 59 74 21 72 10 84 36 99 38 24 18 79 53 88 94 22 16 70 66 26 65 4 97 56 80 31 89 42 8 92 75 19 90 49 6 63 1 47 93 28 67 58 69 64 40 54 2 44 73 50 82 95 13 76 33 37 5 96 78 52 48 100 71 

--------------------------------------------------------------------------------------------------

Seed Value: 22
Tiempo de Ejecución: 600.125 segundos
Costo del tour: 21723.6
Tour encontrado:

71 100 48 52 78 96 5 37 33 76 13 95 82 2 54 40 64 44 50 73 69 67 58 28 93 47 1 63 6 49 90 19 75 92 8 42 89 31 80 56 97 4 65 26 66 70 22 94 16 88 53 79 18 24 38 99 36 84 10 72 21 74 59 17 15 11 32 45 91 98 23 77 60 62 35 86 27 20 12 55 83 34 9 7 57 87 51 61 25 81 68 85 39 30 29 46 43 3 14 41 71 

--------------------------------------------------------------------------------------------------

Seed Value: 22
Tiempo de Ejecución: 600.047 segundos
Costo del tour: 22123
Tour encontrado:

71 41 3 43 46 83 55 12 20 27 86 35 62 60 77 23 98 91 45 32 11 15 17 59 74 21 72 10 84 36 99 38 24 18 94 88 16 22 70 66 26 65 4 97 56 80 31 89 42 8 92 75 19 53 79 90 49 6 63 1 47 93 28 67 58 69 73 50 44 64 40 54 2 82 95 13 76 33 37 5 52 78 96 30 39 85 68 81 25 61 51 87 57 9 7 34 29 14 48 100 71 

--------------------------------------------------------------------------------------------------

Seed Value: 22
Tiempo de Ejecución: 600.047 segundos
Costo del tour: 21644.1
Tour encontrado:

71 100 48 52 78 96 5 37 33 76 13 95 82 50 44 2 54 40 64 69 58 67 28 93 1 47 63 6 49 90 19 75 92 8 42 89 31 80 56 97 4 65 26 66 70 22 94 16 88 53 79 18 24 38 99 36 84 10 72 21 74 59 17 15 11 32 45 91 98 23 77 60 62 35 86 27 20 12 55 83 34 7 9 57 87 51 61 25 81 73 68 85 39 30 29 46 43 3 14 41 71 

--------------------------------------------------------------------------------------------------

Seed Value: 22
Tiempo de Ejecución: 600.141 segundos
Costo del tour: 21852.8
Tour encontrado:

71 100 48 52 78 96 5 37 33 76 13 95 82 50 73 44 2 54 40 64 69 58 67 28 93 47 1 92 8 42 89 31 80 56 97 4 65 26 66 70 22 94 16 88 53 19 75 49 6 63 90 79 18 24 38 99 36 84 10 72 21 74 59 17 15 11 32 45 91 98 23 77 60 62 20 86 35 27 12 55 83 34 7 9 57 87 51 61 25 81 68 85 39 30 29 46 43 3 14 41 71 

--------------------------------------------------------------------------------------------------

Seed Value: 22
Tiempo de Ejecución: 600 segundos
Costo del tour: 21696.2
Tour encontrado:

71 14 3 43 46 29 30 39 85 68 81 25 61 51 87 57 9 7 34 83 55 12 27 35 86 20 62 60 77 23 98 91 45 32 11 15 17 59 74 21 72 10 84 36 99 38 24 18 79 53 88 16 94 22 70 66 26 65 4 97 56 80 31 89 42 8 92 75 19 90 49 6 63 1 47 93 28 67 58 69 73 50 44 64 40 54 2 82 95 13 76 33 37 5 96 78 52 48 100 41 71 

--------------------------------------------------------------------------------------------------

Seed Value: 22
Tiempo de Ejecución: 600.031 segundos
Costo del tour: 21691.1
Tour encontrado:

71 14 3 43 46 29 30 39 85 68 81 25 61 51 87 57 9 7 34 83 55 12 20 27 86 35 62 60 77 23 98 91 45 32 11 15 17 59 74 21 72 10 84 36 99 38 24 18 79 53 88 94 22 16 70 66 26 65 4 97 56 80 31 89 42 8 92 75 19 90 49 6 63 1 47 93 28 67 58 69 73 50 44 64 40 54 2 82 95 13 76 33 37 5 96 78 52 48 100 41 71 

--------------------------------------------------------------------------------------------------

Seed Value: 22
Tiempo de Ejecución: 600.141 segundos
Costo del tour: 21650.2
Tour encontrado:

71 41 100 48 52 78 96 5 37 33 76 13 95 82 2 54 40 64 44 50 73 69 58 67 28 93 47 1 63 6 49 90 19 75 92 8 42 89 31 80 56 97 4 65 26 66 70 22 94 16 88 53 79 18 24 38 99 36 84 10 72 21 74 59 17 15 11 32 45 91 98 23 77 60 62 35 86 27 20 12 55 83 34 7 9 57 87 51 61 25 81 68 85 39 30 29 46 43 3 14 71 

--------------------------------------------------------------------------------------------------

Seed Value: 22
Tiempo de Ejecución: 600.047 segundos
Costo del tour: 21770.5
Tour encontrado:

71 14 3 43 46 29 30 39 85 68 81 25 51 87 57 9 7 34 55 83 12 20 27 86 35 62 60 77 23 98 91 45 32 11 15 17 59 74 21 72 10 84 36 99 38 24 18 79 53 88 16 94 22 70 66 26 65 4 19 75 97 56 80 31 89 42 8 92 6 49 90 63 1 47 93 28 67 58 61 69 64 40 54 2 44 73 50 82 95 13 76 33 37 5 96 78 52 48 100 41 71 

--------------------------------------------------------------------------------------------------

Seed Value: 22
Tiempo de Ejecución: 600.062 segundos
Costo del tour: 21570.6
Tour encontrado:

71 41 100 48 30 39 96 78 52 5 37 33 76 13 95 82 50 44 2 54 40 64 69 73 68 85 9 7 57 87 51 25 81 61 58 67 28 93 47 1 63 6 49 90 19 75 92 8 42 89 31 80 56 97 4 65 26 66 70 22 94 16 88 53 79 18 24 38 99 36 84 10 72 21 74 59 17 15 11 32 91 45 98 23 77 60 62 20 86 35 27 12 55 83 34 29 46 43 3 14 71 

--------------------------------------------------------------------------------------------------

Seed Value: 22
Tiempo de Ejecución: 600.062 segundos
Costo del tour: 21813.1
Tour encontrado:

71 30 96 78 52 5 37 33 76 13 95 82 39 85 68 73 50 44 2 54 40 64 69 81 25 87 51 61 58 67 28 93 1 92 8 42 89 31 80 56 97 75 19 4 65 66 26 70 22 94 88 16 53 79 18 24 38 99 36 84 10 90 49 6 63 47 72 21 74 59 17 15 11 32 45 91 98 23 60 77 62 35 86 27 12 20 57 9 7 83 55 34 29 46 43 3 14 48 100 41 71 

--------------------------------------------------------------------------------------------------

Seed Value: 22
Tiempo de Ejecución: 600.078 segundos
Costo del tour: 21756.4
Tour encontrado:

71 41 100 48 52 78 96 5 37 33 76 13 95 82 50 44 2 54 40 64 67 58 28 93 1 47 63 6 49 90 19 75 92 8 42 89 31 80 56 97 4 65 26 66 70 22 94 16 88 53 79 18 24 38 99 36 84 10 72 21 74 59 15 17 11 32 45 91 98 23 60 77 62 20 86 35 27 12 55 83 34 7 9 57 87 51 61 25 81 69 73 68 85 39 30 29 46 43 3 14 71 

--------------------------------------------------------------------------------------------------

Seed Value: 22
Tiempo de Ejecución: 600.031 segundos
Costo del tour: 21700.1
Tour encontrado:

71 14 3 43 46 29 30 39 85 68 81 25 61 51 87 57 9 7 34 55 83 12 20 86 27 35 62 60 77 23 98 91 45 32 11 15 17 59 74 21 72 10 84 36 99 38 24 18 79 53 88 16 94 22 70 66 26 65 4 97 56 80 31 89 42 8 92 75 19 90 49 6 63 1 47 93 28 67 58 69 64 40 54 2 44 73 50 82 95 76 33 13 37 5 96 78 52 48 100 41 71 

--------------------------------------------------------------------------------------------------

Seed Value: 22
Tiempo de Ejecución: 600.047 segundos
Costo del tour: 21326.4
Tour encontrado:

85 68 73 50 44 2 54 40 64 69 81 25 87 51 61 58 67 28 93 47 1 63 6 49 90 19 75 92 8 42 89 31 80 56 97 4 65 26 66 70 16 22 94 88 53 79 18 24 38 99 36 84 10 72 21 74 59 17 15 11 32 45 91 98 23 77 60 62 35 86 27 12 20 57 9 7 55 83 34 29 46 43 3 14 71 41 100 48 30 39 96 78 52 5 37 33 76 13 95 82 85 

--------------------------------------------------------------------------------------------------

Seed Value: 22
Tiempo de Ejecución: 600.062 segundos
Costo del tour: 21390.8
Tour encontrado:

85 68 73 50 44 2 54 40 64 69 81 25 87 51 61 58 67 28 93 47 1 63 90 49 6 92 8 42 89 31 80 56 97 75 19 4 65 26 66 70 22 94 16 88 53 79 18 24 38 99 36 84 10 72 21 74 59 17 15 11 32 45 91 98 23 77 60 62 35 86 27 12 20 57 9 7 55 83 34 29 46 43 3 14 71 41 100 48 52 78 96 5 37 33 76 13 95 82 39 30 85 

--------------------------------------------------------------------------------------------------

Seed Value: 22
Tiempo de Ejecución: 600.078 segundos
Costo del tour: 21390.8
Tour encontrado:

85 68 73 50 44 2 54 40 64 69 81 25 87 51 61 58 67 28 93 47 1 63 90 49 6 92 8 42 89 31 80 56 97 75 19 4 65 26 66 70 22 94 16 88 53 79 18 24 38 99 36 84 10 72 21 74 59 17 15 11 32 45 91 98 23 77 60 62 35 86 27 12 20 57 9 7 55 83 34 29 46 43 3 14 71 41 100 48 52 78 96 5 37 33 76 13 95 82 39 30 85 

--------------------------------------------------------------------------------------------------

Seed Value: 22
Tiempo de Ejecución: 600.062 segundos
Costo del tour: 21390.8
Tour encontrado:

85 68 73 50 44 2 54 40 64 69 81 25 87 51 61 58 67 28 93 47 1 63 90 49 6 92 8 42 89 31 80 56 97 75 19 4 65 26 66 70 22 94 16 88 53 79 18 24 38 99 36 84 10 72 21 74 59 17 15 11 32 45 91 98 23 77 60 62 35 86 27 12 20 57 9 7 55 83 34 29 46 43 3 14 71 41 100 48 52 78 96 5 37 33 76 13 95 82 39 30 85 

--------------------------------------------------------------------------------------------------

Seed Value: 22
Tiempo de Ejecución: 600.078 segundos
Costo del tour: 21390.8
Tour encontrado:

85 68 73 50 44 2 54 40 64 69 81 25 87 51 61 58 67 28 93 47 1 63 90 49 6 92 8 42 89 31 80 56 97 75 19 4 65 26 66 70 22 94 16 88 53 79 18 24 38 99 36 84 10 72 21 74 59 17 15 11 32 45 91 98 23 77 60 62 35 86 27 12 20 57 9 7 55 83 34 29 46 43 3 14 71 41 100 48 52 78 96 5 37 33 76 13 95 82 39 30 85 

--------------------------------------------------------------------------------------------------

Seed Value: 22
Tiempo de Ejecución: 600.047 segundos
Costo del tour: 21390.8
Tour encontrado:

85 68 73 50 44 2 54 40 64 69 81 25 87 51 61 58 67 28 93 47 1 63 90 49 6 92 8 42 89 31 80 56 97 75 19 4 65 26 66 70 22 94 16 88 53 79 18 24 38 99 36 84 10 72 21 74 59 17 15 11 32 45 91 98 23 77 60 62 35 86 27 12 20 57 9 7 55 83 34 29 46 43 3 14 71 41 100 48 52 78 96 5 37 33 76 13 95 82 39 30 85 

--------------------------------------------------------------------------------------------------

Seed Value: 22
Tiempo de Ejecución: 600.094 segundos
Costo del tour: 21390.8
Tour encontrado:

85 68 73 50 44 2 54 40 64 69 81 25 87 51 61 58 67 28 93 47 1 63 90 49 6 92 8 42 89 31 80 56 97 75 19 4 65 26 66 70 22 94 16 88 53 79 18 24 38 99 36 84 10 72 21 74 59 17 15 11 32 45 91 98 23 77 60 62 35 86 27 12 20 57 9 7 55 83 34 29 46 43 3 14 71 41 100 48 52 78 96 5 37 33 76 13 95 82 39 30 85 

--------------------------------------------------------------------------------------------------

Seed Value: 22
Tiempo de Ejecución: 600.094 segundos
Costo del tour: 21390.8
Tour encontrado:

85 68 73 50 44 2 54 40 64 69 81 25 87 51 61 58 67 28 93 47 1 63 90 49 6 92 8 42 89 31 80 56 97 75 19 4 65 26 66 70 22 94 16 88 53 79 18 24 38 99 36 84 10 72 21 74 59 17 15 11 32 45 91 98 23 77 60 62 35 86 27 12 20 57 9 7 55 83 34 29 46 43 3 14 71 41 100 48 52 78 96 5 37 33 76 13 95 82 39 30 85 

--------------------------------------------------------------------------------------------------

Seed Value: 22
Tiempo de Ejecución: 600.141 segundos
Costo del tour: 21390.8
Tour encontrado:

85 68 73 50 44 2 54 40 64 69 81 25 87 51 61 58 67 28 93 47 1 63 90 49 6 92 8 42 89 31 80 56 97 75 19 4 65 26 66 70 22 94 16 88 53 79 18 24 38 99 36 84 10 72 21 74 59 17 15 11 32 45 91 98 23 77 60 62 35 86 27 12 20 57 9 7 55 83 34 29 46 43 3 14 71 41 100 48 52 78 96 5 37 33 76 13 95 82 39 30 85 

--------------------------------------------------------------------------------------------------

Seed Value: 22
Tiempo de Ejecución: 600.047 segundos
Costo del tour: 21390.8
Tour encontrado:

85 68 73 50 44 2 54 40 64 69 81 25 87 51 61 58 67 28 93 47 1 63 90 49 6 92 8 42 89 31 80 56 97 75 19 4 65 26 66 70 22 94 16 88 53 79 18 24 38 99 36 84 10 72 21 74 59 17 15 11 32 45 91 98 23 77 60 62 35 86 27 12 20 57 9 7 55 83 34 29 46 43 3 14 71 41 100 48 52 78 96 5 37 33 76 13 95 82 39 30 85 

--------------------------------------------------------------------------------------------------

Seed Value: 22
Tiempo de Ejecución: 600.062 segundos
Costo del tour: 21390.8
Tour encontrado:

85 68 73 50 44 2 54 40 64 69 81 25 87 51 61 58 67 28 93 47 1 63 90 49 6 92 8 42 89 31 80 56 97 75 19 4 65 26 66 70 22 94 16 88 53 79 18 24 38 99 36 84 10 72 21 74 59 17 15 11 32 45 91 98 23 77 60 62 35 86 27 12 20 57 9 7 55 83 34 29 46 43 3 14 71 41 100 48 52 78 96 5 37 33 76 13 95 82 39 30 85 

--------------------------------------------------------------------------------------------------

Seed Value: 22
Tiempo de Ejecución: 600.031 segundos
Costo del tour: 21390.8
Tour encontrado:

85 68 73 50 44 2 54 40 64 69 81 25 87 51 61 58 67 28 93 47 1 63 90 49 6 92 8 42 89 31 80 56 97 75 19 4 65 26 66 70 22 94 16 88 53 79 18 24 38 99 36 84 10 72 21 74 59 17 15 11 32 45 91 98 23 77 60 62 35 86 27 12 20 57 9 7 55 83 34 29 46 43 3 14 71 41 100 48 52 78 96 5 37 33 76 13 95 82 39 30 85 

--------------------------------------------------------------------------------------------------

Seed Value: 22
Tiempo de Ejecución: 600.047 segundos
Costo del tour: 21390.8
Tour encontrado:

85 68 73 50 44 2 54 40 64 69 81 25 87 51 61 58 67 28 93 47 1 63 90 49 6 92 8 42 89 31 80 56 97 75 19 4 65 26 66 70 22 94 16 88 53 79 18 24 38 99 36 84 10 72 21 74 59 17 15 11 32 45 91 98 23 77 60 62 35 86 27 12 20 57 9 7 55 83 34 29 46 43 3 14 71 41 100 48 52 78 96 5 37 33 76 13 95 82 39 30 85 

--------------------------------------------------------------------------------------------------

Seed Value: 22
Tiempo de Ejecución: 600.047 segundos
Costo del tour: 21390.8
Tour encontrado:

85 68 73 50 44 2 54 40 64 69 81 25 87 51 61 58 67 28 93 47 1 63 90 49 6 92 8 42 89 31 80 56 97 75 19 4 65 26 66 70 22 94 16 88 53 79 18 24 38 99 36 84 10 72 21 74 59 17 15 11 32 45 91 98 23 77 60 62 35 86 27 12 20 57 9 7 55 83 34 29 46 43 3 14 71 41 100 48 52 78 96 5 37 33 76 13 95 82 39 30 85 

--------------------------------------------------------------------------------------------------

Seed Value: 22
Tiempo de Ejecución: 600.125 segundos
Costo del tour: 21390.8
Tour encontrado:

85 68 73 50 44 2 54 40 64 69 81 25 87 51 61 58 67 28 93 47 1 63 90 49 6 92 8 42 89 31 80 56 97 75 19 4 65 26 66 70 22 94 16 88 53 79 18 24 38 99 36 84 10 72 21 74 59 17 15 11 32 45 91 98 23 77 60 62 35 86 27 12 20 57 9 7 55 83 34 29 46 43 3 14 71 41 100 48 52 78 96 5 37 33 76 13 95 82 39 30 85 

--------------------------------------------------------------------------------------------------

Seed Value: 22
Tiempo de Ejecución: 3600.02 segundos
Costo del tour: 21285.4
Tour encontrado:

85 68 73 50 44 2 54 40 64 69 81 25 87 51 61 58 67 28 93 47 1 63 6 49 90 19 75 92 8 42 89 31 80 56 97 4 65 26 66 70 22 94 16 88 53 79 18 24 38 99 36 84 10 72 21 74 59 17 15 11 32 45 91 98 23 77 60 62 35 86 27 12 20 57 9 7 55 83 34 29 46 43 3 14 71 41 100 48 30 39 96 78 52 5 37 33 76 13 95 82 85 

--------------------------------------------------------------------------------------------------

